2026-06-05 20:57:47.91272 INFO::Writing function arguments to log file
2026-06-05 20:57:47.916118 DEBUG::Function arguments
2026-06-05 20:57:47.91891 DEBUG::Output folder: GTDB_Results/maaslin2/S
2026-06-05 20:57:47.919095 DEBUG::Min Abundance: 0.000000
2026-06-05 20:57:47.919255 DEBUG::Min Prevalence: 0.000000
2026-06-05 20:57:47.919408 DEBUG::Normalization: NONE
2026-06-05 20:57:47.919541 DEBUG::Transform: LOG
2026-06-05 20:57:47.919666 DEBUG::Analysis method: LM
2026-06-05 20:57:47.919797 DEBUG::Max significance: 0.250000
2026-06-05 20:57:47.919955 DEBUG::Random effects:
2026-06-05 20:57:47.92008 DEBUG::Fixed effects: Periodontitis,Diabetes,KidneyDisease,Age,Sex
2026-06-05 20:57:47.92021 DEBUG::Correction method: BH
2026-06-05 20:57:47.920337 DEBUG::Standardize: FALSE
2026-06-05 20:57:47.920455 DEBUG::Cores: 1
2026-06-05 20:57:47.920576 INFO::Verifying options selected are valid
2026-06-05 20:57:47.936188 INFO::Determining format of input files
2026-06-05 20:57:47.936612 INFO::Input format is data samples as rows and metadata samples as rows
2026-06-05 20:57:47.937584 DEBUG::A total of 101 samples were found in both the data and metadata
2026-06-05 20:57:47.937745 DEBUG::Reordering data/metadata to use same sample ordering
2026-06-05 20:57:47.950201 INFO::Formula for fixed effects: expr ~  Periodontitis + Diabetes + KidneyDisease + Age + Sex
2026-06-05 20:57:47.950921 INFO::Filter data based on min abundance and min prevalence
2026-06-05 20:57:47.95121 INFO::Total samples in data: 101
2026-06-05 20:57:47.951468 INFO::Min samples required with min abundance for a feature not to be filtered: 0.000000
2026-06-05 20:57:47.957056 INFO::Total filtered features: 0
2026-06-05 20:57:47.957524 INFO::Filtered feature names from abundance and prevalence filtering:
2026-06-05 20:57:47.967193 INFO::Total filtered features with variance filtering: 0
2026-06-05 20:57:47.967588 INFO::Filtered feature names from variance filtering:
2026-06-05 20:57:47.967817 INFO::Running selected normalization method: NONE
2026-06-05 20:57:47.968056 INFO::Bypass z-score application to metadata
2026-06-05 20:57:47.96826 INFO::Running selected transform method: LOG
2026-06-05 20:57:47.979875 INFO::Running selected analysis method: LM
2026-06-05 20:57:47.984029 INFO::Fitting model to feature number 1, F1
2026-06-05 20:57:47.986638 INFO::Fitting model to feature number 2, F2
2026-06-05 20:57:47.987779 INFO::Fitting model to feature number 3, F3
2026-06-05 20:57:47.988859 INFO::Fitting model to feature number 4, F4
2026-06-05 20:57:47.989921 INFO::Fitting model to feature number 5, F5
2026-06-05 20:57:47.991151 INFO::Fitting model to feature number 6, F6
2026-06-05 20:57:47.992359 INFO::Fitting model to feature number 7, F7
2026-06-05 20:57:47.993461 INFO::Fitting model to feature number 8, F8
2026-06-05 20:57:47.99452 INFO::Fitting model to feature number 9, F9
2026-06-05 20:57:47.995574 INFO::Fitting model to feature number 10, F10
2026-06-05 20:57:47.996617 INFO::Fitting model to feature number 11, F11
2026-06-05 20:57:47.997672 INFO::Fitting model to feature number 12, F12
2026-06-05 20:57:47.99878 INFO::Fitting model to feature number 13, F13
2026-06-05 20:57:47.999931 INFO::Fitting model to feature number 14, F14
2026-06-05 20:57:48.001009 INFO::Fitting model to feature number 15, F15
2026-06-05 20:57:48.002106 INFO::Fitting model to feature number 16, F16
2026-06-05 20:57:48.003202 INFO::Fitting model to feature number 17, F17
2026-06-05 20:57:48.004259 INFO::Fitting model to feature number 18, F18
2026-06-05 20:57:48.005311 INFO::Fitting model to feature number 19, F19
2026-06-05 20:57:48.006376 INFO::Fitting model to feature number 20, F20
2026-06-05 20:57:48.007614 INFO::Fitting model to feature number 21, F21
2026-06-05 20:57:48.008751 INFO::Fitting model to feature number 22, F22
2026-06-05 20:57:48.009807 INFO::Fitting model to feature number 23, F23
2026-06-05 20:57:48.010842 INFO::Fitting model to feature number 24, F24
2026-06-05 20:57:48.011878 INFO::Fitting model to feature number 25, F25
2026-06-05 20:57:48.012901 INFO::Fitting model to feature number 26, F26
2026-06-05 20:57:48.01396 INFO::Fitting model to feature number 27, F27
2026-06-05 20:57:48.015047 INFO::Fitting model to feature number 28, F28
2026-06-05 20:57:48.01609 INFO::Fitting model to feature number 29, F29
2026-06-05 20:57:48.017126 INFO::Fitting model to feature number 30, F30
2026-06-05 20:57:48.018172 INFO::Fitting model to feature number 31, F31
2026-06-05 20:57:48.019218 INFO::Fitting model to feature number 32, F32
2026-06-05 20:57:48.02027 INFO::Fitting model to feature number 33, F33
2026-06-05 20:57:48.021307 INFO::Fitting model to feature number 34, F34
2026-06-05 20:57:48.17684 INFO::Fitting model to feature number 35, F35
2026-06-05 20:57:48.178397 INFO::Fitting model to feature number 36, F36
2026-06-05 20:57:48.179614 INFO::Fitting model to feature number 37, F37
2026-06-05 20:57:48.180705 INFO::Fitting model to feature number 38, F38
2026-06-05 20:57:48.181761 INFO::Fitting model to feature number 39, F39
2026-06-05 20:57:48.182945 INFO::Fitting model to feature number 40, F40
2026-06-05 20:57:48.184058 INFO::Fitting model to feature number 41, F41
2026-06-05 20:57:48.185112 INFO::Fitting model to feature number 42, F42
2026-06-05 20:57:48.18615 INFO::Fitting model to feature number 43, F43
2026-06-05 20:57:48.187181 INFO::Fitting model to feature number 44, F44
2026-06-05 20:57:48.188203 INFO::Fitting model to feature number 45, F45
2026-06-05 20:57:48.189222 INFO::Fitting model to feature number 46, F46
2026-06-05 20:57:48.190252 INFO::Fitting model to feature number 47, F47
2026-06-05 20:57:48.191467 INFO::Fitting model to feature number 48, F48
2026-06-05 20:57:48.192772 INFO::Fitting model to feature number 49, F49
2026-06-05 20:57:48.193969 INFO::Fitting model to feature number 50, F50
2026-06-05 20:57:48.195059 INFO::Fitting model to feature number 51, F51
2026-06-05 20:57:48.196177 INFO::Fitting model to feature number 52, F52
2026-06-05 20:57:48.197242 INFO::Fitting model to feature number 53, F53
2026-06-05 20:57:48.198291 INFO::Fitting model to feature number 54, F54
2026-06-05 20:57:48.199362 INFO::Fitting model to feature number 55, F55
2026-06-05 20:57:48.20039 INFO::Fitting model to feature number 56, F56
2026-06-05 20:57:48.201432 INFO::Fitting model to feature number 57, F57
2026-06-05 20:57:48.202464 INFO::Fitting model to feature number 58, F58
2026-06-05 20:57:48.203488 INFO::Fitting model to feature number 59, F59
2026-06-05 20:57:48.204503 INFO::Fitting model to feature number 60, F60
2026-06-05 20:57:48.205568 INFO::Fitting model to feature number 61, F61
2026-06-05 20:57:48.206592 INFO::Fitting model to feature number 62, F62
2026-06-05 20:57:48.207805 INFO::Fitting model to feature number 63, F63
2026-06-05 20:57:48.20901 INFO::Fitting model to feature number 64, F64
2026-06-05 20:57:48.210222 INFO::Fitting model to feature number 65, F65
2026-06-05 20:57:48.211359 INFO::Fitting model to feature number 66, F66
2026-06-05 20:57:48.212466 INFO::Fitting model to feature number 67, F67
2026-06-05 20:57:48.21355 INFO::Fitting model to feature number 68, F68
2026-06-05 20:57:48.214609 INFO::Fitting model to feature number 69, F69
2026-06-05 20:57:48.215686 INFO::Fitting model to feature number 70, F70
2026-06-05 20:57:48.21675 INFO::Fitting model to feature number 71, F71
2026-06-05 20:57:48.217803 INFO::Fitting model to feature number 72, F72
2026-06-05 20:57:48.218881 INFO::Fitting model to feature number 73, F73
2026-06-05 20:57:48.219958 INFO::Fitting model to feature number 74, F74
2026-06-05 20:57:48.221016 INFO::Fitting model to feature number 75, F75
2026-06-05 20:57:48.222083 INFO::Fitting model to feature number 76, F76
2026-06-05 20:57:48.223115 INFO::Fitting model to feature number 77, F77
2026-06-05 20:57:48.224347 INFO::Fitting model to feature number 78, F78
2026-06-05 20:57:48.225606 INFO::Fitting model to feature number 79, F79
2026-06-05 20:57:48.226803 INFO::Fitting model to feature number 80, F80
2026-06-05 20:57:48.227905 INFO::Fitting model to feature number 81, F81
2026-06-05 20:57:48.229002 INFO::Fitting model to feature number 82, F82
2026-06-05 20:57:48.230112 INFO::Fitting model to feature number 83, F83
2026-06-05 20:57:48.231179 INFO::Fitting model to feature number 84, F84
2026-06-05 20:57:48.232283 INFO::Fitting model to feature number 85, F85
2026-06-05 20:57:48.233325 INFO::Fitting model to feature number 86, F86
2026-06-05 20:57:48.234401 INFO::Fitting model to feature number 87, F87
2026-06-05 20:57:48.235452 INFO::Fitting model to feature number 88, F88
2026-06-05 20:57:48.236481 INFO::Fitting model to feature number 89, F89
2026-06-05 20:57:48.237502 INFO::Fitting model to feature number 90, F90
2026-06-05 20:57:48.238547 INFO::Fitting model to feature number 91, F91
2026-06-05 20:57:48.239611 INFO::Fitting model to feature number 92, F92
2026-06-05 20:57:48.240658 INFO::Fitting model to feature number 93, F93
2026-06-05 20:57:48.241886 INFO::Fitting model to feature number 94, F94
2026-06-05 20:57:48.242989 INFO::Fitting model to feature number 95, F95
2026-06-05 20:57:48.24406 INFO::Fitting model to feature number 96, F96
2026-06-05 20:57:48.245173 INFO::Fitting model to feature number 97, F97
2026-06-05 20:57:48.246279 INFO::Fitting model to feature number 98, F98
2026-06-05 20:57:48.24737 INFO::Fitting model to feature number 99, F99
2026-06-05 20:57:48.248453 INFO::Fitting model to feature number 100, F100
2026-06-05 20:57:48.249568 INFO::Fitting model to feature number 101, F101
2026-06-05 20:57:48.250663 INFO::Fitting model to feature number 102, F102
2026-06-05 20:57:48.25176 INFO::Fitting model to feature number 103, F103
2026-06-05 20:57:48.252835 INFO::Fitting model to feature number 104, F104
2026-06-05 20:57:48.2539 INFO::Fitting model to feature number 105, F105
2026-06-05 20:57:48.25498 INFO::Fitting model to feature number 106, F106
2026-06-05 20:57:48.256061 INFO::Fitting model to feature number 107, F107
2026-06-05 20:57:48.257138 INFO::Fitting model to feature number 108, F108
2026-06-05 20:57:48.258505 INFO::Fitting model to feature number 109, F109
2026-06-05 20:57:48.264343 INFO::Fitting model to feature number 110, F110
2026-06-05 20:57:48.265581 INFO::Fitting model to feature number 111, F111
2026-06-05 20:57:48.266686 INFO::Fitting model to feature number 112, F112
2026-06-05 20:57:48.267776 INFO::Fitting model to feature number 113, F113
2026-06-05 20:57:48.268838 INFO::Fitting model to feature number 114, F114
2026-06-05 20:57:48.269858 INFO::Fitting model to feature number 115, F115
2026-06-05 20:57:48.270906 INFO::Fitting model to feature number 116, F116
2026-06-05 20:57:48.271917 INFO::Fitting model to feature number 117, F117
2026-06-05 20:57:48.272934 INFO::Fitting model to feature number 118, F118
2026-06-05 20:57:48.273953 INFO::Fitting model to feature number 119, F119
2026-06-05 20:57:48.27539 INFO::Fitting model to feature number 120, F120
2026-06-05 20:57:48.276658 INFO::Fitting model to feature number 121, F121
2026-06-05 20:57:48.277782 INFO::Fitting model to feature number 122, F122
2026-06-05 20:57:48.278868 INFO::Fitting model to feature number 123, F123
2026-06-05 20:57:48.279945 INFO::Fitting model to feature number 124, F124
2026-06-05 20:57:48.280991 INFO::Fitting model to feature number 125, F125
2026-06-05 20:57:48.282019 INFO::Fitting model to feature number 126, F126
2026-06-05 20:57:48.283068 INFO::Fitting model to feature number 127, F127
2026-06-05 20:57:48.284082 INFO::Fitting model to feature number 128, F128
2026-06-05 20:57:48.285095 INFO::Fitting model to feature number 129, F129
2026-06-05 20:57:48.286111 INFO::Fitting model to feature number 130, F130
2026-06-05 20:57:48.287186 INFO::Fitting model to feature number 131, F131
2026-06-05 20:57:48.288223 INFO::Fitting model to feature number 132, F132
2026-06-05 20:57:48.289268 INFO::Fitting model to feature number 133, F133
2026-06-05 20:57:48.290309 INFO::Fitting model to feature number 134, F134
2026-06-05 20:57:48.291841 INFO::Fitting model to feature number 135, F135
2026-06-05 20:57:48.293083 INFO::Fitting model to feature number 136, F136
2026-06-05 20:57:48.294196 INFO::Fitting model to feature number 137, F137
2026-06-05 20:57:48.295293 INFO::Fitting model to feature number 138, F138
2026-06-05 20:57:48.296581 INFO::Fitting model to feature number 139, F139
2026-06-05 20:57:48.297738 INFO::Fitting model to feature number 140, F140
2026-06-05 20:57:48.298888 INFO::Fitting model to feature number 141, F141
2026-06-05 20:57:48.300019 INFO::Fitting model to feature number 142, F142
2026-06-05 20:57:48.301109 INFO::Fitting model to feature number 143, F143
2026-06-05 20:57:48.302175 INFO::Fitting model to feature number 144, F144
2026-06-05 20:57:48.303269 INFO::Fitting model to feature number 145, F145
2026-06-05 20:57:48.304354 INFO::Fitting model to feature number 146, F146
2026-06-05 20:57:48.305421 INFO::Fitting model to feature number 147, F147
2026-06-05 20:57:48.30647 INFO::Fitting model to feature number 148, F148
2026-06-05 20:57:48.307619 INFO::Fitting model to feature number 149, F149
2026-06-05 20:57:48.308952 INFO::Fitting model to feature number 150, F150
2026-06-05 20:57:48.31023 INFO::Fitting model to feature number 151, F151
2026-06-05 20:57:48.311384 INFO::Fitting model to feature number 152, F152
2026-06-05 20:57:48.312497 INFO::Fitting model to feature number 153, F153
2026-06-05 20:57:48.313653 INFO::Fitting model to feature number 154, F154
2026-06-05 20:57:48.314751 INFO::Fitting model to feature number 155, F155
2026-06-05 20:57:48.315828 INFO::Fitting model to feature number 156, F156
2026-06-05 20:57:48.3169 INFO::Fitting model to feature number 157, F157
2026-06-05 20:57:48.318002 INFO::Fitting model to feature number 158, F158
2026-06-05 20:57:48.319058 INFO::Fitting model to feature number 159, F159
2026-06-05 20:57:48.320126 INFO::Fitting model to feature number 160, F160
2026-06-05 20:57:48.321169 INFO::Fitting model to feature number 161, F161
2026-06-05 20:57:48.322215 INFO::Fitting model to feature number 162, F162
2026-06-05 20:57:48.323266 INFO::Fitting model to feature number 163, F163
2026-06-05 20:57:48.324527 INFO::Fitting model to feature number 164, F164
2026-06-05 20:57:48.325721 INFO::Fitting model to feature number 165, F165
2026-06-05 20:57:48.32694 INFO::Fitting model to feature number 166, F166
2026-06-05 20:57:48.32805 INFO::Fitting model to feature number 167, F167
2026-06-05 20:57:48.329185 INFO::Fitting model to feature number 168, F168
2026-06-05 20:57:48.330251 INFO::Fitting model to feature number 169, F169
2026-06-05 20:57:48.331301 INFO::Fitting model to feature number 170, F170
2026-06-05 20:57:48.33236 INFO::Fitting model to feature number 171, F171
2026-06-05 20:57:48.333413 INFO::Fitting model to feature number 172, F172
2026-06-05 20:57:48.334456 INFO::Fitting model to feature number 173, F173
2026-06-05 20:57:48.335507 INFO::Fitting model to feature number 174, F174
2026-06-05 20:57:48.336555 INFO::Fitting model to feature number 175, F175
2026-06-05 20:57:48.337575 INFO::Fitting model to feature number 176, F176
2026-06-05 20:57:48.338614 INFO::Fitting model to feature number 177, F177
2026-06-05 20:57:48.339648 INFO::Fitting model to feature number 178, F178
2026-06-05 20:57:48.340691 INFO::Fitting model to feature number 179, F179
2026-06-05 20:57:48.341837 INFO::Fitting model to feature number 180, F180
2026-06-05 20:57:48.342908 INFO::Fitting model to feature number 181, F181
2026-06-05 20:57:48.343981 INFO::Fitting model to feature number 182, F182
2026-06-05 20:57:48.345029 INFO::Fitting model to feature number 183, F183
2026-06-05 20:57:48.346095 INFO::Fitting model to feature number 184, F184
2026-06-05 20:57:48.351791 INFO::Fitting model to feature number 185, F185
2026-06-05 20:57:48.353123 INFO::Fitting model to feature number 186, F186
2026-06-05 20:57:48.354423 INFO::Fitting model to feature number 187, F187
2026-06-05 20:57:48.355562 INFO::Fitting model to feature number 188, F188
2026-06-05 20:57:48.356671 INFO::Fitting model to feature number 189, F189
2026-06-05 20:57:48.357983 INFO::Fitting model to feature number 190, F190
2026-06-05 20:57:48.359141 INFO::Fitting model to feature number 191, F191
2026-06-05 20:57:48.36028 INFO::Fitting model to feature number 192, F192
2026-06-05 20:57:48.361577 INFO::Fitting model to feature number 193, F193
2026-06-05 20:57:48.362966 INFO::Fitting model to feature number 194, F194
2026-06-05 20:57:48.364089 INFO::Fitting model to feature number 195, F195
2026-06-05 20:57:48.365188 INFO::Fitting model to feature number 196, F196
2026-06-05 20:57:48.366247 INFO::Fitting model to feature number 197, F197
2026-06-05 20:57:48.36742 INFO::Fitting model to feature number 198, F198
2026-06-05 20:57:48.368597 INFO::Fitting model to feature number 199, F199
2026-06-05 20:57:48.369709 INFO::Fitting model to feature number 200, F200
2026-06-05 20:57:48.370799 INFO::Fitting model to feature number 201, F201
2026-06-05 20:57:48.371863 INFO::Fitting model to feature number 202, F202
2026-06-05 20:57:48.372884 INFO::Fitting model to feature number 203, F203
2026-06-05 20:57:48.373946 INFO::Fitting model to feature number 204, F204
2026-06-05 20:57:48.375497 INFO::Fitting model to feature number 205, F205
2026-06-05 20:57:48.376766 INFO::Fitting model to feature number 206, F206
2026-06-05 20:57:48.377863 INFO::Fitting model to feature number 207, F207
2026-06-05 20:57:48.378947 INFO::Fitting model to feature number 208, F208
2026-06-05 20:57:48.380037 INFO::Fitting model to feature number 209, F209
2026-06-05 20:57:48.381139 INFO::Fitting model to feature number 210, F210
2026-06-05 20:57:48.382178 INFO::Fitting model to feature number 211, F211
2026-06-05 20:57:48.383203 INFO::Fitting model to feature number 212, F212
2026-06-05 20:57:48.384245 INFO::Fitting model to feature number 213, F213
2026-06-05 20:57:48.385289 INFO::Fitting model to feature number 214, F214
2026-06-05 20:57:48.386332 INFO::Fitting model to feature number 215, F215
2026-06-05 20:57:48.387367 INFO::Fitting model to feature number 216, F216
2026-06-05 20:57:48.388388 INFO::Fitting model to feature number 217, F217
2026-06-05 20:57:48.389423 INFO::Fitting model to feature number 218, F218
2026-06-05 20:57:48.390443 INFO::Fitting model to feature number 219, F219
2026-06-05 20:57:48.391669 INFO::Fitting model to feature number 220, F220
2026-06-05 20:57:48.393077 INFO::Fitting model to feature number 221, F221
2026-06-05 20:57:48.394218 INFO::Fitting model to feature number 222, F222
2026-06-05 20:57:48.395303 INFO::Fitting model to feature number 223, F223
2026-06-05 20:57:48.396369 INFO::Fitting model to feature number 224, F224
2026-06-05 20:57:48.397409 INFO::Fitting model to feature number 225, F225
2026-06-05 20:57:48.398458 INFO::Fitting model to feature number 226, F226
2026-06-05 20:57:48.399494 INFO::Fitting model to feature number 227, F227
2026-06-05 20:57:48.400553 INFO::Fitting model to feature number 228, F228
2026-06-05 20:57:48.401655 INFO::Fitting model to feature number 229, F229
2026-06-05 20:57:48.402685 INFO::Fitting model to feature number 230, F230
2026-06-05 20:57:48.403716 INFO::Fitting model to feature number 231, F231
2026-06-05 20:57:48.404733 INFO::Fitting model to feature number 232, F232
2026-06-05 20:57:48.405765 INFO::Fitting model to feature number 233, F233
2026-06-05 20:57:48.406802 INFO::Fitting model to feature number 234, F234
2026-06-05 20:57:48.408139 INFO::Fitting model to feature number 235, F235
2026-06-05 20:57:48.409396 INFO::Fitting model to feature number 236, F236
2026-06-05 20:57:48.41055 INFO::Fitting model to feature number 237, F237
2026-06-05 20:57:48.411679 INFO::Fitting model to feature number 238, F238
2026-06-05 20:57:48.412813 INFO::Fitting model to feature number 239, F239
2026-06-05 20:57:48.413878 INFO::Fitting model to feature number 240, F240
2026-06-05 20:57:48.414916 INFO::Fitting model to feature number 241, F241
2026-06-05 20:57:48.415954 INFO::Fitting model to feature number 242, F242
2026-06-05 20:57:48.416989 INFO::Fitting model to feature number 243, F243
2026-06-05 20:57:48.41802 INFO::Fitting model to feature number 244, F244
2026-06-05 20:57:48.419054 INFO::Fitting model to feature number 245, F245
2026-06-05 20:57:48.420121 INFO::Fitting model to feature number 246, F246
2026-06-05 20:57:48.421161 INFO::Fitting model to feature number 247, F247
2026-06-05 20:57:48.422382 INFO::Fitting model to feature number 248, F248
2026-06-05 20:57:48.423414 INFO::Fitting model to feature number 249, F249
2026-06-05 20:57:48.424626 INFO::Fitting model to feature number 250, F250
2026-06-05 20:57:48.425792 INFO::Fitting model to feature number 251, F251
2026-06-05 20:57:48.427012 INFO::Fitting model to feature number 252, F252
2026-06-05 20:57:48.428107 INFO::Fitting model to feature number 253, F253
2026-06-05 20:57:48.429181 INFO::Fitting model to feature number 254, F254
2026-06-05 20:57:48.430242 INFO::Fitting model to feature number 255, F255
2026-06-05 20:57:48.431286 INFO::Fitting model to feature number 256, F256
2026-06-05 20:57:48.432353 INFO::Fitting model to feature number 257, F257
2026-06-05 20:57:48.433378 INFO::Fitting model to feature number 258, F258
2026-06-05 20:57:48.434404 INFO::Fitting model to feature number 259, F259
2026-06-05 20:57:48.439874 INFO::Fitting model to feature number 260, F260
2026-06-05 20:57:48.441174 INFO::Fitting model to feature number 261, F261
2026-06-05 20:57:48.442456 INFO::Fitting model to feature number 262, F262
2026-06-05 20:57:48.443617 INFO::Fitting model to feature number 263, F263
2026-06-05 20:57:48.444711 INFO::Fitting model to feature number 264, F264
2026-06-05 20:57:48.445786 INFO::Fitting model to feature number 265, F265
2026-06-05 20:57:48.446831 INFO::Fitting model to feature number 266, F266
2026-06-05 20:57:48.44787 INFO::Fitting model to feature number 267, F267
2026-06-05 20:57:48.448903 INFO::Fitting model to feature number 268, F268
2026-06-05 20:57:48.449921 INFO::Fitting model to feature number 269, F269
2026-06-05 20:57:48.450943 INFO::Fitting model to feature number 270, F270
2026-06-05 20:57:48.451986 INFO::Fitting model to feature number 271, F271
2026-06-05 20:57:48.453007 INFO::Fitting model to feature number 272, F272
2026-06-05 20:57:48.454019 INFO::Fitting model to feature number 273, F273
2026-06-05 20:57:48.455033 INFO::Fitting model to feature number 274, F274
2026-06-05 20:57:48.456053 INFO::Fitting model to feature number 275, F275
2026-06-05 20:57:48.457065 INFO::Fitting model to feature number 276, F276
2026-06-05 20:57:48.458286 INFO::Fitting model to feature number 277, F277
2026-06-05 20:57:48.459481 INFO::Fitting model to feature number 278, F278
2026-06-05 20:57:48.460536 INFO::Fitting model to feature number 279, F279
2026-06-05 20:57:48.461581 INFO::Fitting model to feature number 280, F280
2026-06-05 20:57:48.462634 INFO::Fitting model to feature number 281, F281
2026-06-05 20:57:48.463663 INFO::Fitting model to feature number 282, F282
2026-06-05 20:57:48.464683 INFO::Fitting model to feature number 283, F283
2026-06-05 20:57:48.46571 INFO::Fitting model to feature number 284, F284
2026-06-05 20:57:48.467476 INFO::Fitting model to feature number 285, F285
2026-06-05 20:57:48.468736 INFO::Fitting model to feature number 286, F286
2026-06-05 20:57:48.469852 INFO::Fitting model to feature number 287, F287
2026-06-05 20:57:48.470925 INFO::Fitting model to feature number 288, F288
2026-06-05 20:57:48.47199 INFO::Fitting model to feature number 289, F289
2026-06-05 20:57:48.473061 INFO::Fitting model to feature number 290, F290
2026-06-05 20:57:48.474177 INFO::Fitting model to feature number 291, F291
2026-06-05 20:57:48.475513 INFO::Fitting model to feature number 292, F292
2026-06-05 20:57:48.476615 INFO::Fitting model to feature number 293, F293
2026-06-05 20:57:48.47768 INFO::Fitting model to feature number 294, F294
2026-06-05 20:57:48.478732 INFO::Fitting model to feature number 295, F295
2026-06-05 20:57:48.479823 INFO::Fitting model to feature number 296, F296
2026-06-05 20:57:48.480886 INFO::Fitting model to feature number 297, F297
2026-06-05 20:57:48.48194 INFO::Fitting model to feature number 298, F298
2026-06-05 20:57:48.48299 INFO::Fitting model to feature number 299, F299
2026-06-05 20:57:48.484029 INFO::Fitting model to feature number 300, F300
2026-06-05 20:57:48.485155 INFO::Fitting model to feature number 301, F301
2026-06-05 20:57:48.48624 INFO::Fitting model to feature number 302, F302
2026-06-05 20:57:48.487311 INFO::Fitting model to feature number 303, F303
2026-06-05 20:57:48.488402 INFO::Fitting model to feature number 304, F304
2026-06-05 20:57:48.489454 INFO::Fitting model to feature number 305, F305
2026-06-05 20:57:48.490515 INFO::Fitting model to feature number 306, F306
2026-06-05 20:57:48.491755 INFO::Fitting model to feature number 307, F307
2026-06-05 20:57:48.49288 INFO::Fitting model to feature number 308, F308
2026-06-05 20:57:48.493968 INFO::Fitting model to feature number 309, F309
2026-06-05 20:57:48.495088 INFO::Fitting model to feature number 310, F310
2026-06-05 20:57:48.496293 INFO::Fitting model to feature number 311, F311
2026-06-05 20:57:48.49769 INFO::Fitting model to feature number 312, F312
2026-06-05 20:57:48.498765 INFO::Fitting model to feature number 313, F313
2026-06-05 20:57:48.499822 INFO::Fitting model to feature number 314, F314
2026-06-05 20:57:48.500886 INFO::Fitting model to feature number 315, F315
2026-06-05 20:57:48.501932 INFO::Fitting model to feature number 316, F316
2026-06-05 20:57:48.502981 INFO::Fitting model to feature number 317, F317
2026-06-05 20:57:48.504017 INFO::Fitting model to feature number 318, F318
2026-06-05 20:57:48.505051 INFO::Fitting model to feature number 319, F319
2026-06-05 20:57:48.506104 INFO::Fitting model to feature number 320, F320
2026-06-05 20:57:48.507164 INFO::Fitting model to feature number 321, F321
2026-06-05 20:57:48.508572 INFO::Fitting model to feature number 322, F322
2026-06-05 20:57:48.509894 INFO::Fitting model to feature number 323, F323
2026-06-05 20:57:48.511015 INFO::Fitting model to feature number 324, F324
2026-06-05 20:57:48.512089 INFO::Fitting model to feature number 325, F325
2026-06-05 20:57:48.51316 INFO::Fitting model to feature number 326, F326
2026-06-05 20:57:48.514237 INFO::Fitting model to feature number 327, F327
2026-06-05 20:57:48.515287 INFO::Fitting model to feature number 328, F328
2026-06-05 20:57:48.516329 INFO::Fitting model to feature number 329, F329
2026-06-05 20:57:48.517355 INFO::Fitting model to feature number 330, F330
2026-06-05 20:57:48.518394 INFO::Fitting model to feature number 331, F331
2026-06-05 20:57:48.519451 INFO::Fitting model to feature number 332, F332
2026-06-05 20:57:48.520556 INFO::Fitting model to feature number 333, F333
2026-06-05 20:57:48.521656 INFO::Fitting model to feature number 334, F334
2026-06-05 20:57:48.528036 INFO::Fitting model to feature number 335, F335
2026-06-05 20:57:48.529341 INFO::Fitting model to feature number 336, F336
2026-06-05 20:57:48.530484 INFO::Fitting model to feature number 337, F337
2026-06-05 20:57:48.531617 INFO::Fitting model to feature number 338, F338
2026-06-05 20:57:48.532732 INFO::Fitting model to feature number 339, F339
2026-06-05 20:57:48.533829 INFO::Fitting model to feature number 340, F340
2026-06-05 20:57:48.534923 INFO::Fitting model to feature number 341, F341
2026-06-05 20:57:48.535977 INFO::Fitting model to feature number 342, F342
2026-06-05 20:57:48.537006 INFO::Fitting model to feature number 343, F343
2026-06-05 20:57:48.538028 INFO::Fitting model to feature number 344, F344
2026-06-05 20:57:48.539048 INFO::Fitting model to feature number 345, F345
2026-06-05 20:57:48.540095 INFO::Fitting model to feature number 346, F346
2026-06-05 20:57:48.541308 INFO::Fitting model to feature number 347, F347
2026-06-05 20:57:48.542594 INFO::Fitting model to feature number 348, F348
2026-06-05 20:57:48.543979 INFO::Fitting model to feature number 349, F349
2026-06-05 20:57:48.545081 INFO::Fitting model to feature number 350, F350
2026-06-05 20:57:48.546156 INFO::Fitting model to feature number 351, F351
2026-06-05 20:57:48.547228 INFO::Fitting model to feature number 352, F352
2026-06-05 20:57:48.548302 INFO::Fitting model to feature number 353, F353
2026-06-05 20:57:48.549356 INFO::Fitting model to feature number 354, F354
2026-06-05 20:57:48.550457 INFO::Fitting model to feature number 355, F355
2026-06-05 20:57:48.5515 INFO::Fitting model to feature number 356, F356
2026-06-05 20:57:48.552565 INFO::Fitting model to feature number 357, F357
2026-06-05 20:57:48.553606 INFO::Fitting model to feature number 358, F358
2026-06-05 20:57:48.554649 INFO::Fitting model to feature number 359, F359
2026-06-05 20:57:48.555687 INFO::Fitting model to feature number 360, F360
2026-06-05 20:57:48.556759 INFO::Fitting model to feature number 361, F361
2026-06-05 20:57:48.558046 INFO::Fitting model to feature number 362, F362
2026-06-05 20:57:48.559241 INFO::Fitting model to feature number 363, F363
2026-06-05 20:57:48.560521 INFO::Fitting model to feature number 364, F364
2026-06-05 20:57:48.561611 INFO::Fitting model to feature number 365, F365
2026-06-05 20:57:48.562677 INFO::Fitting model to feature number 366, F366
2026-06-05 20:57:48.563756 INFO::Fitting model to feature number 367, F367
2026-06-05 20:57:48.564839 INFO::Fitting model to feature number 368, F368
2026-06-05 20:57:48.56591 INFO::Fitting model to feature number 369, F369
2026-06-05 20:57:48.566949 INFO::Fitting model to feature number 370, F370
2026-06-05 20:57:48.567991 INFO::Fitting model to feature number 371, F371
2026-06-05 20:57:48.569037 INFO::Fitting model to feature number 372, F372
2026-06-05 20:57:48.570096 INFO::Fitting model to feature number 373, F373
2026-06-05 20:57:48.571148 INFO::Fitting model to feature number 374, F374
2026-06-05 20:57:48.572193 INFO::Fitting model to feature number 375, F375
2026-06-05 20:57:48.573258 INFO::Fitting model to feature number 376, F376
2026-06-05 20:57:48.574625 INFO::Fitting model to feature number 377, F377
2026-06-05 20:57:48.575935 INFO::Fitting model to feature number 378, F378
2026-06-05 20:57:48.577219 INFO::Fitting model to feature number 379, F379
2026-06-05 20:57:48.578319 INFO::Fitting model to feature number 380, F380
2026-06-05 20:57:48.579393 INFO::Fitting model to feature number 381, F381
2026-06-05 20:57:48.580471 INFO::Fitting model to feature number 382, F382
2026-06-05 20:57:48.58153 INFO::Fitting model to feature number 383, F383
2026-06-05 20:57:48.582568 INFO::Fitting model to feature number 384, F384
2026-06-05 20:57:48.583611 INFO::Fitting model to feature number 385, F385
2026-06-05 20:57:48.584648 INFO::Fitting model to feature number 386, F386
2026-06-05 20:57:48.585697 INFO::Fitting model to feature number 387, F387
2026-06-05 20:57:48.586763 INFO::Fitting model to feature number 388, F388
2026-06-05 20:57:48.587788 INFO::Fitting model to feature number 389, F389
2026-06-05 20:57:48.58882 INFO::Fitting model to feature number 390, F390
2026-06-05 20:57:48.589873 INFO::Fitting model to feature number 391, F391
2026-06-05 20:57:48.591269 INFO::Fitting model to feature number 392, F392
2026-06-05 20:57:48.592684 INFO::Fitting model to feature number 393, F393
2026-06-05 20:57:48.593876 INFO::Fitting model to feature number 394, F394
2026-06-05 20:57:48.594965 INFO::Fitting model to feature number 395, F395
2026-06-05 20:57:48.596078 INFO::Fitting model to feature number 396, F396
2026-06-05 20:57:48.597176 INFO::Fitting model to feature number 397, F397
2026-06-05 20:57:48.598405 INFO::Fitting model to feature number 398, F398
2026-06-05 20:57:48.599458 INFO::Fitting model to feature number 399, F399
2026-06-05 20:57:48.600493 INFO::Fitting model to feature number 400, F400
2026-06-05 20:57:48.601541 INFO::Fitting model to feature number 401, F401
2026-06-05 20:57:48.602643 INFO::Fitting model to feature number 402, F402
2026-06-05 20:57:48.603694 INFO::Fitting model to feature number 403, F403
2026-06-05 20:57:48.604737 INFO::Fitting model to feature number 404, F404
2026-06-05 20:57:48.605771 INFO::Fitting model to feature number 405, F405
2026-06-05 20:57:48.60683 INFO::Fitting model to feature number 406, F406
2026-06-05 20:57:48.608271 INFO::Fitting model to feature number 407, F407
2026-06-05 20:57:48.609568 INFO::Fitting model to feature number 408, F408
2026-06-05 20:57:48.610707 INFO::Fitting model to feature number 409, F409
2026-06-05 20:57:48.616404 INFO::Fitting model to feature number 410, F410
2026-06-05 20:57:48.617501 INFO::Fitting model to feature number 411, F411
2026-06-05 20:57:48.618628 INFO::Fitting model to feature number 412, F412
2026-06-05 20:57:48.61968 INFO::Fitting model to feature number 413, F413
2026-06-05 20:57:48.620722 INFO::Fitting model to feature number 414, F414
2026-06-05 20:57:48.621752 INFO::Fitting model to feature number 415, F415
2026-06-05 20:57:48.622776 INFO::Fitting model to feature number 416, F416
2026-06-05 20:57:48.623813 INFO::Fitting model to feature number 417, F417
2026-06-05 20:57:48.625369 INFO::Fitting model to feature number 418, F418
2026-06-05 20:57:48.626622 INFO::Fitting model to feature number 419, F419
2026-06-05 20:57:48.627754 INFO::Fitting model to feature number 420, F420
2026-06-05 20:57:48.628829 INFO::Fitting model to feature number 421, F421
2026-06-05 20:57:48.629898 INFO::Fitting model to feature number 422, F422
2026-06-05 20:57:48.630959 INFO::Fitting model to feature number 423, F423
2026-06-05 20:57:48.632014 INFO::Fitting model to feature number 424, F424
2026-06-05 20:57:48.633049 INFO::Fitting model to feature number 425, F425
2026-06-05 20:57:48.634075 INFO::Fitting model to feature number 426, F426
2026-06-05 20:57:48.635117 INFO::Fitting model to feature number 427, F427
2026-06-05 20:57:48.636158 INFO::Fitting model to feature number 428, F428
2026-06-05 20:57:48.637194 INFO::Fitting model to feature number 429, F429
2026-06-05 20:57:48.638226 INFO::Fitting model to feature number 430, F430
2026-06-05 20:57:48.639241 INFO::Fitting model to feature number 431, F431
2026-06-05 20:57:48.64029 INFO::Fitting model to feature number 432, F432
2026-06-05 20:57:48.641782 INFO::Fitting model to feature number 433, F433
2026-06-05 20:57:48.643072 INFO::Fitting model to feature number 434, F434
2026-06-05 20:57:48.644162 INFO::Fitting model to feature number 435, F435
2026-06-05 20:57:48.645228 INFO::Fitting model to feature number 436, F436
2026-06-05 20:57:48.646293 INFO::Fitting model to feature number 437, F437
2026-06-05 20:57:48.647366 INFO::Fitting model to feature number 438, F438
2026-06-05 20:57:48.648406 INFO::Fitting model to feature number 439, F439
2026-06-05 20:57:48.649427 INFO::Fitting model to feature number 440, F440
2026-06-05 20:57:48.650449 INFO::Fitting model to feature number 441, F441
2026-06-05 20:57:48.651469 INFO::Fitting model to feature number 442, F442
2026-06-05 20:57:48.652514 INFO::Fitting model to feature number 443, F443
2026-06-05 20:57:48.653536 INFO::Fitting model to feature number 444, F444
2026-06-05 20:57:48.654586 INFO::Fitting model to feature number 445, F445
2026-06-05 20:57:48.655608 INFO::Fitting model to feature number 446, F446
2026-06-05 20:57:48.656623 INFO::Fitting model to feature number 447, F447
2026-06-05 20:57:48.658003 INFO::Fitting model to feature number 448, F448
2026-06-05 20:57:48.659263 INFO::Fitting model to feature number 449, F449
2026-06-05 20:57:48.660482 INFO::Fitting model to feature number 450, F450
2026-06-05 20:57:48.661541 INFO::Fitting model to feature number 451, F451
2026-06-05 20:57:48.662585 INFO::Fitting model to feature number 452, F452
2026-06-05 20:57:48.663648 INFO::Fitting model to feature number 453, F453
2026-06-05 20:57:48.664705 INFO::Fitting model to feature number 454, F454
2026-06-05 20:57:48.665739 INFO::Fitting model to feature number 455, F455
2026-06-05 20:57:48.666785 INFO::Fitting model to feature number 456, F456
2026-06-05 20:57:48.667838 INFO::Fitting model to feature number 457, F457
2026-06-05 20:57:48.668913 INFO::Fitting model to feature number 458, F458
2026-06-05 20:57:48.669943 INFO::Fitting model to feature number 459, F459
2026-06-05 20:57:48.670969 INFO::Fitting model to feature number 460, F460
2026-06-05 20:57:48.672001 INFO::Fitting model to feature number 461, F461
2026-06-05 20:57:48.673033 INFO::Fitting model to feature number 462, F462
2026-06-05 20:57:48.674131 INFO::Fitting model to feature number 463, F463
2026-06-05 20:57:48.675792 INFO::Fitting model to feature number 464, F464
2026-06-05 20:57:48.67689 INFO::Fitting model to feature number 465, F465
2026-06-05 20:57:48.677949 INFO::Fitting model to feature number 466, F466
2026-06-05 20:57:48.679019 INFO::Fitting model to feature number 467, F467
2026-06-05 20:57:48.680065 INFO::Fitting model to feature number 468, F468
2026-06-05 20:57:48.681113 INFO::Fitting model to feature number 469, F469
2026-06-05 20:57:48.682176 INFO::Fitting model to feature number 470, F470
2026-06-05 20:57:48.683214 INFO::Fitting model to feature number 471, F471
2026-06-05 20:57:48.68423 INFO::Fitting model to feature number 472, F472
2026-06-05 20:57:48.685288 INFO::Fitting model to feature number 473, F473
2026-06-05 20:57:48.686353 INFO::Fitting model to feature number 474, F474
2026-06-05 20:57:48.687388 INFO::Fitting model to feature number 475, F475
2026-06-05 20:57:48.688451 INFO::Fitting model to feature number 476, F476
2026-06-05 20:57:48.689474 INFO::Fitting model to feature number 477, F477
2026-06-05 20:57:48.690494 INFO::Fitting model to feature number 478, F478
2026-06-05 20:57:48.692035 INFO::Fitting model to feature number 479, F479
2026-06-05 20:57:48.693344 INFO::Fitting model to feature number 480, F480
2026-06-05 20:57:48.694441 INFO::Fitting model to feature number 481, F481
2026-06-05 20:57:48.695529 INFO::Fitting model to feature number 482, F482
2026-06-05 20:57:48.696603 INFO::Fitting model to feature number 483, F483
2026-06-05 20:57:48.702401 INFO::Fitting model to feature number 484, F484
2026-06-05 20:57:48.703646 INFO::Fitting model to feature number 485, F485
2026-06-05 20:57:48.704733 INFO::Fitting model to feature number 486, F486
2026-06-05 20:57:48.705794 INFO::Fitting model to feature number 487, F487
2026-06-05 20:57:48.706848 INFO::Fitting model to feature number 488, F488
2026-06-05 20:57:48.708274 INFO::Fitting model to feature number 489, F489
2026-06-05 20:57:48.709564 INFO::Fitting model to feature number 490, F490
2026-06-05 20:57:48.710666 INFO::Fitting model to feature number 491, F491
2026-06-05 20:57:48.711727 INFO::Fitting model to feature number 492, F492
2026-06-05 20:57:48.712796 INFO::Fitting model to feature number 493, F493
2026-06-05 20:57:48.713837 INFO::Fitting model to feature number 494, F494
2026-06-05 20:57:48.7149 INFO::Fitting model to feature number 495, F495
2026-06-05 20:57:48.715961 INFO::Fitting model to feature number 496, F496
2026-06-05 20:57:48.716986 INFO::Fitting model to feature number 497, F497
2026-06-05 20:57:48.718007 INFO::Fitting model to feature number 498, F498
2026-06-05 20:57:48.719029 INFO::Fitting model to feature number 499, F499
2026-06-05 20:57:48.720061 INFO::Fitting model to feature number 500, F500
2026-06-05 20:57:48.72108 INFO::Fitting model to feature number 501, F501
2026-06-05 20:57:48.722109 INFO::Fitting model to feature number 502, F502
2026-06-05 20:57:48.723135 INFO::Fitting model to feature number 503, F503
2026-06-05 20:57:48.724475 INFO::Fitting model to feature number 504, F504
2026-06-05 20:57:48.725771 INFO::Fitting model to feature number 505, F505
2026-06-05 20:57:48.727006 INFO::Fitting model to feature number 506, F506
2026-06-05 20:57:48.728184 INFO::Fitting model to feature number 507, F507
2026-06-05 20:57:48.729268 INFO::Fitting model to feature number 508, F508
2026-06-05 20:57:48.730324 INFO::Fitting model to feature number 509, F509
2026-06-05 20:57:48.731399 INFO::Fitting model to feature number 510, F510
2026-06-05 20:57:48.732463 INFO::Fitting model to feature number 511, F511
2026-06-05 20:57:48.733523 INFO::Fitting model to feature number 512, F512
2026-06-05 20:57:48.734561 INFO::Fitting model to feature number 513, F513
2026-06-05 20:57:48.73558 INFO::Fitting model to feature number 514, F514
2026-06-05 20:57:48.736612 INFO::Fitting model to feature number 515, F515
2026-06-05 20:57:48.737638 INFO::Fitting model to feature number 516, F516
2026-06-05 20:57:48.73867 INFO::Fitting model to feature number 517, F517
2026-06-05 20:57:48.739708 INFO::Fitting model to feature number 518, F518
2026-06-05 20:57:48.74081 INFO::Fitting model to feature number 519, F519
2026-06-05 20:57:48.742463 INFO::Fitting model to feature number 520, F520
2026-06-05 20:57:48.743798 INFO::Fitting model to feature number 521, F521
2026-06-05 20:57:48.744919 INFO::Fitting model to feature number 522, F522
2026-06-05 20:57:48.746011 INFO::Fitting model to feature number 523, F523
2026-06-05 20:57:48.74707 INFO::Fitting model to feature number 524, F524
2026-06-05 20:57:48.748148 INFO::Fitting model to feature number 525, F525
2026-06-05 20:57:48.749217 INFO::Fitting model to feature number 526, F526
2026-06-05 20:57:48.750259 INFO::Fitting model to feature number 527, F527
2026-06-05 20:57:48.751315 INFO::Fitting model to feature number 528, F528
2026-06-05 20:57:48.752391 INFO::Fitting model to feature number 529, F529
2026-06-05 20:57:48.753461 INFO::Fitting model to feature number 530, F530
2026-06-05 20:57:48.75452 INFO::Fitting model to feature number 531, F531
2026-06-05 20:57:48.755556 INFO::Fitting model to feature number 532, F532
2026-06-05 20:57:48.756592 INFO::Fitting model to feature number 533, F533
2026-06-05 20:57:48.75803 INFO::Fitting model to feature number 534, F534
2026-06-05 20:57:48.759386 INFO::Fitting model to feature number 535, F535
2026-06-05 20:57:48.760511 INFO::Fitting model to feature number 536, F536
2026-06-05 20:57:48.761596 INFO::Fitting model to feature number 537, F537
2026-06-05 20:57:48.762662 INFO::Fitting model to feature number 538, F538
2026-06-05 20:57:48.763707 INFO::Fitting model to feature number 539, F539
2026-06-05 20:57:48.764745 INFO::Fitting model to feature number 540, F540
2026-06-05 20:57:48.765797 INFO::Fitting model to feature number 541, F541
2026-06-05 20:57:48.766852 INFO::Fitting model to feature number 542, F542
2026-06-05 20:57:48.767902 INFO::Fitting model to feature number 543, F543
2026-06-05 20:57:48.768953 INFO::Fitting model to feature number 544, F544
2026-06-05 20:57:48.770019 INFO::Fitting model to feature number 545, F545
2026-06-05 20:57:48.771046 INFO::Fitting model to feature number 546, F546
2026-06-05 20:57:48.772078 INFO::Fitting model to feature number 547, F547
2026-06-05 20:57:48.773113 INFO::Fitting model to feature number 548, F548
2026-06-05 20:57:48.774239 INFO::Fitting model to feature number 549, F549
2026-06-05 20:57:48.775559 INFO::Fitting model to feature number 550, F550
2026-06-05 20:57:48.776679 INFO::Fitting model to feature number 551, F551
2026-06-05 20:57:48.777758 INFO::Fitting model to feature number 552, F552
2026-06-05 20:57:48.778818 INFO::Fitting model to feature number 553, F553
2026-06-05 20:57:48.779875 INFO::Fitting model to feature number 554, F554
2026-06-05 20:57:48.780943 INFO::Fitting model to feature number 555, F555
2026-06-05 20:57:48.781996 INFO::Fitting model to feature number 556, F556
2026-06-05 20:57:48.783038 INFO::Fitting model to feature number 557, F557
2026-06-05 20:57:48.790051 INFO::Fitting model to feature number 558, F558
2026-06-05 20:57:48.791703 INFO::Fitting model to feature number 559, F559
2026-06-05 20:57:48.79289 INFO::Fitting model to feature number 560, F560
2026-06-05 20:57:48.793961 INFO::Fitting model to feature number 561, F561
2026-06-05 20:57:48.795013 INFO::Fitting model to feature number 562, F562
2026-06-05 20:57:48.796057 INFO::Fitting model to feature number 563, F563
2026-06-05 20:57:48.797086 INFO::Fitting model to feature number 564, F564
2026-06-05 20:57:48.79813 INFO::Fitting model to feature number 565, F565
2026-06-05 20:57:48.799155 INFO::Fitting model to feature number 566, F566
2026-06-05 20:57:48.800205 INFO::Fitting model to feature number 567, F567
2026-06-05 20:57:48.80125 INFO::Fitting model to feature number 568, F568
2026-06-05 20:57:48.802273 INFO::Fitting model to feature number 569, F569
2026-06-05 20:57:48.803295 INFO::Fitting model to feature number 570, F570
2026-06-05 20:57:48.804299 INFO::Fitting model to feature number 571, F571
2026-06-05 20:57:48.805315 INFO::Fitting model to feature number 572, F572
2026-06-05 20:57:48.806327 INFO::Fitting model to feature number 573, F573
2026-06-05 20:57:48.807347 INFO::Fitting model to feature number 574, F574
2026-06-05 20:57:48.80839 INFO::Fitting model to feature number 575, F575
2026-06-05 20:57:48.809462 INFO::Fitting model to feature number 576, F576
2026-06-05 20:57:48.810486 INFO::Fitting model to feature number 577, F577
2026-06-05 20:57:48.811509 INFO::Fitting model to feature number 578, F578
2026-06-05 20:57:48.812526 INFO::Fitting model to feature number 579, F579
2026-06-05 20:57:48.81354 INFO::Fitting model to feature number 580, F580
2026-06-05 20:57:48.81455 INFO::Fitting model to feature number 581, F581
2026-06-05 20:57:48.815614 INFO::Fitting model to feature number 582, F582
2026-06-05 20:57:48.816623 INFO::Fitting model to feature number 583, F583
2026-06-05 20:57:48.817656 INFO::Fitting model to feature number 584, F584
2026-06-05 20:57:48.818714 INFO::Fitting model to feature number 585, F585
2026-06-05 20:57:48.819739 INFO::Fitting model to feature number 586, F586
2026-06-05 20:57:48.820769 INFO::Fitting model to feature number 587, F587
2026-06-05 20:57:48.821805 INFO::Fitting model to feature number 588, F588
2026-06-05 20:57:48.822818 INFO::Fitting model to feature number 589, F589
2026-06-05 20:57:48.823837 INFO::Fitting model to feature number 590, F590
2026-06-05 20:57:48.825024 INFO::Fitting model to feature number 591, F591
2026-06-05 20:57:48.82606 INFO::Fitting model to feature number 592, F592
2026-06-05 20:57:48.827104 INFO::Fitting model to feature number 593, F593
2026-06-05 20:57:48.828118 INFO::Fitting model to feature number 594, F594
2026-06-05 20:57:48.829132 INFO::Fitting model to feature number 595, F595
2026-06-05 20:57:48.830136 INFO::Fitting model to feature number 596, F596
2026-06-05 20:57:48.831156 INFO::Fitting model to feature number 597, F597
2026-06-05 20:57:48.832184 INFO::Fitting model to feature number 598, F598
2026-06-05 20:57:48.833229 INFO::Fitting model to feature number 599, F599
2026-06-05 20:57:48.834281 INFO::Fitting model to feature number 600, F600
2026-06-05 20:57:48.835315 INFO::Fitting model to feature number 601, F601
2026-06-05 20:57:48.836344 INFO::Fitting model to feature number 602, F602
2026-06-05 20:57:48.837372 INFO::Fitting model to feature number 603, F603
2026-06-05 20:57:48.838413 INFO::Fitting model to feature number 604, F604
2026-06-05 20:57:48.839426 INFO::Fitting model to feature number 605, F605
2026-06-05 20:57:48.840444 INFO::Fitting model to feature number 606, F606
2026-06-05 20:57:48.841628 INFO::Fitting model to feature number 607, F607
2026-06-05 20:57:48.842693 INFO::Fitting model to feature number 608, F608
2026-06-05 20:57:48.84372 INFO::Fitting model to feature number 609, F609
2026-06-05 20:57:48.844727 INFO::Fitting model to feature number 610, F610
2026-06-05 20:57:48.845758 INFO::Fitting model to feature number 611, F611
2026-06-05 20:57:48.84679 INFO::Fitting model to feature number 612, F612
2026-06-05 20:57:48.848083 INFO::Fitting model to feature number 613, F613
2026-06-05 20:57:48.849228 INFO::Fitting model to feature number 614, F614
2026-06-05 20:57:48.850329 INFO::Fitting model to feature number 615, F615
2026-06-05 20:57:48.851398 INFO::Fitting model to feature number 616, F616
2026-06-05 20:57:48.852455 INFO::Fitting model to feature number 617, F617
2026-06-05 20:57:48.853504 INFO::Fitting model to feature number 618, F618
2026-06-05 20:57:48.854558 INFO::Fitting model to feature number 619, F619
2026-06-05 20:57:48.855632 INFO::Fitting model to feature number 620, F620
2026-06-05 20:57:48.856672 INFO::Fitting model to feature number 621, F621
2026-06-05 20:57:48.857753 INFO::Fitting model to feature number 622, F622
2026-06-05 20:57:48.858813 INFO::Fitting model to feature number 623, F623
2026-06-05 20:57:48.859864 INFO::Fitting model to feature number 624, F624
2026-06-05 20:57:48.860891 INFO::Fitting model to feature number 625, F625
2026-06-05 20:57:48.861938 INFO::Fitting model to feature number 626, F626
2026-06-05 20:57:48.862966 INFO::Fitting model to feature number 627, F627
2026-06-05 20:57:48.864003 INFO::Fitting model to feature number 628, F628
2026-06-05 20:57:48.865051 INFO::Fitting model to feature number 629, F629
2026-06-05 20:57:48.866069 INFO::Fitting model to feature number 630, F630
2026-06-05 20:57:48.867149 INFO::Fitting model to feature number 631, F631
2026-06-05 20:57:48.868203 INFO::Fitting model to feature number 632, F632
2026-06-05 20:57:48.873743 INFO::Fitting model to feature number 633, F633
2026-06-05 20:57:48.87503 INFO::Fitting model to feature number 634, F634
2026-06-05 20:57:48.876154 INFO::Fitting model to feature number 635, F635
2026-06-05 20:57:48.8772 INFO::Fitting model to feature number 636, F636
2026-06-05 20:57:48.878249 INFO::Fitting model to feature number 637, F637
2026-06-05 20:57:48.879277 INFO::Fitting model to feature number 638, F638
2026-06-05 20:57:48.880303 INFO::Fitting model to feature number 639, F639
2026-06-05 20:57:48.881324 INFO::Fitting model to feature number 640, F640
2026-06-05 20:57:48.882355 INFO::Fitting model to feature number 641, F641
2026-06-05 20:57:48.88337 INFO::Fitting model to feature number 642, F642
2026-06-05 20:57:48.88439 INFO::Fitting model to feature number 643, F643
2026-06-05 20:57:48.885409 INFO::Fitting model to feature number 644, F644
2026-06-05 20:57:48.886427 INFO::Fitting model to feature number 645, F645
2026-06-05 20:57:48.887436 INFO::Fitting model to feature number 646, F646
2026-06-05 20:57:48.888445 INFO::Fitting model to feature number 647, F647
2026-06-05 20:57:48.889473 INFO::Fitting model to feature number 648, F648
2026-06-05 20:57:48.890478 INFO::Fitting model to feature number 649, F649
2026-06-05 20:57:48.891607 INFO::Fitting model to feature number 650, F650
2026-06-05 20:57:48.89263 INFO::Fitting model to feature number 651, F651
2026-06-05 20:57:48.893653 INFO::Fitting model to feature number 652, F652
2026-06-05 20:57:48.894674 INFO::Fitting model to feature number 653, F653
2026-06-05 20:57:48.895718 INFO::Fitting model to feature number 654, F654
2026-06-05 20:57:48.896727 INFO::Fitting model to feature number 655, F655
2026-06-05 20:57:48.897746 INFO::Fitting model to feature number 656, F656
2026-06-05 20:57:48.898761 INFO::Fitting model to feature number 657, F657
2026-06-05 20:57:48.899774 INFO::Fitting model to feature number 658, F658
2026-06-05 20:57:48.90083 INFO::Fitting model to feature number 659, F659
2026-06-05 20:57:48.901848 INFO::Fitting model to feature number 660, F660
2026-06-05 20:57:48.902879 INFO::Fitting model to feature number 661, F661
2026-06-05 20:57:48.9039 INFO::Fitting model to feature number 662, F662
2026-06-05 20:57:48.904917 INFO::Fitting model to feature number 663, F663
2026-06-05 20:57:48.905982 INFO::Fitting model to feature number 664, F664
2026-06-05 20:57:48.907041 INFO::Fitting model to feature number 665, F665
2026-06-05 20:57:48.908221 INFO::Fitting model to feature number 666, F666
2026-06-05 20:57:48.909345 INFO::Fitting model to feature number 667, F667
2026-06-05 20:57:48.910436 INFO::Fitting model to feature number 668, F668
2026-06-05 20:57:48.911503 INFO::Fitting model to feature number 669, F669
2026-06-05 20:57:48.912572 INFO::Fitting model to feature number 670, F670
2026-06-05 20:57:48.913614 INFO::Fitting model to feature number 671, F671
2026-06-05 20:57:48.91466 INFO::Fitting model to feature number 672, F672
2026-06-05 20:57:48.915717 INFO::Fitting model to feature number 673, F673
2026-06-05 20:57:48.916766 INFO::Fitting model to feature number 674, F674
2026-06-05 20:57:48.917791 INFO::Fitting model to feature number 675, F675
2026-06-05 20:57:48.918821 INFO::Fitting model to feature number 676, F676
2026-06-05 20:57:48.919884 INFO::Fitting model to feature number 677, F677
2026-06-05 20:57:48.920907 INFO::Fitting model to feature number 678, F678
2026-06-05 20:57:48.921952 INFO::Fitting model to feature number 679, F679
2026-06-05 20:57:48.922989 INFO::Fitting model to feature number 680, F680
2026-06-05 20:57:48.924071 INFO::Fitting model to feature number 681, F681
2026-06-05 20:57:48.925354 INFO::Fitting model to feature number 682, F682
2026-06-05 20:57:48.926446 INFO::Fitting model to feature number 683, F683
2026-06-05 20:57:48.927495 INFO::Fitting model to feature number 684, F684
2026-06-05 20:57:48.928532 INFO::Fitting model to feature number 685, F685
2026-06-05 20:57:48.929636 INFO::Fitting model to feature number 686, F686
2026-06-05 20:57:48.93067 INFO::Fitting model to feature number 687, F687
2026-06-05 20:57:48.9317 INFO::Fitting model to feature number 688, F688
2026-06-05 20:57:48.932727 INFO::Fitting model to feature number 689, F689
2026-06-05 20:57:48.93376 INFO::Fitting model to feature number 690, F690
2026-06-05 20:57:48.934803 INFO::Fitting model to feature number 691, F691
2026-06-05 20:57:48.935829 INFO::Fitting model to feature number 692, F692
2026-06-05 20:57:48.936856 INFO::Fitting model to feature number 693, F693
2026-06-05 20:57:48.937901 INFO::Fitting model to feature number 694, F694
2026-06-05 20:57:48.938922 INFO::Fitting model to feature number 695, F695
2026-06-05 20:57:48.939949 INFO::Fitting model to feature number 696, F696
2026-06-05 20:57:48.941084 INFO::Fitting model to feature number 697, F697
2026-06-05 20:57:48.942249 INFO::Fitting model to feature number 698, F698
2026-06-05 20:57:48.943301 INFO::Fitting model to feature number 699, F699
2026-06-05 20:57:48.944353 INFO::Fitting model to feature number 700, F700
2026-06-05 20:57:48.945412 INFO::Fitting model to feature number 701, F701
2026-06-05 20:57:48.946472 INFO::Fitting model to feature number 702, F702
2026-06-05 20:57:48.947521 INFO::Fitting model to feature number 703, F703
2026-06-05 20:57:48.948565 INFO::Fitting model to feature number 704, F704
2026-06-05 20:57:48.949602 INFO::Fitting model to feature number 705, F705
2026-06-05 20:57:48.950672 INFO::Fitting model to feature number 706, F706
2026-06-05 20:57:48.956241 INFO::Fitting model to feature number 707, F707
2026-06-05 20:57:48.957447 INFO::Fitting model to feature number 708, F708
2026-06-05 20:57:48.95859 INFO::Fitting model to feature number 709, F709
2026-06-05 20:57:48.959666 INFO::Fitting model to feature number 710, F710
2026-06-05 20:57:48.960695 INFO::Fitting model to feature number 711, F711
2026-06-05 20:57:48.961741 INFO::Fitting model to feature number 712, F712
2026-06-05 20:57:48.962782 INFO::Fitting model to feature number 713, F713
2026-06-05 20:57:48.963814 INFO::Fitting model to feature number 714, F714
2026-06-05 20:57:48.964846 INFO::Fitting model to feature number 715, F715
2026-06-05 20:57:48.965862 INFO::Fitting model to feature number 716, F716
2026-06-05 20:57:48.966904 INFO::Fitting model to feature number 717, F717
2026-06-05 20:57:48.967965 INFO::Fitting model to feature number 718, F718
2026-06-05 20:57:48.969008 INFO::Fitting model to feature number 719, F719
2026-06-05 20:57:48.970027 INFO::Fitting model to feature number 720, F720
2026-06-05 20:57:48.971037 INFO::Fitting model to feature number 721, F721
2026-06-05 20:57:48.972054 INFO::Fitting model to feature number 722, F722
2026-06-05 20:57:48.973066 INFO::Fitting model to feature number 723, F723
2026-06-05 20:57:48.974117 INFO::Fitting model to feature number 724, F724
2026-06-05 20:57:48.975239 INFO::Fitting model to feature number 725, F725
2026-06-05 20:57:48.977708 INFO::Fitting model to feature number 726, F726
2026-06-05 20:57:48.978808 INFO::Fitting model to feature number 727, F727
2026-06-05 20:57:48.979892 INFO::Fitting model to feature number 728, F728
2026-06-05 20:57:48.98094 INFO::Fitting model to feature number 729, F729
2026-06-05 20:57:48.981988 INFO::Fitting model to feature number 730, F730
2026-06-05 20:57:48.983049 INFO::Fitting model to feature number 731, F731
2026-06-05 20:57:48.984081 INFO::Fitting model to feature number 732, F732
2026-06-05 20:57:48.98513 INFO::Fitting model to feature number 733, F733
2026-06-05 20:57:48.986153 INFO::Fitting model to feature number 734, F734
2026-06-05 20:57:48.987181 INFO::Fitting model to feature number 735, F735
2026-06-05 20:57:48.988211 INFO::Fitting model to feature number 736, F736
2026-06-05 20:57:48.989225 INFO::Fitting model to feature number 737, F737
2026-06-05 20:57:48.990256 INFO::Fitting model to feature number 738, F738
2026-06-05 20:57:48.991335 INFO::Fitting model to feature number 739, F739
2026-06-05 20:57:48.992438 INFO::Fitting model to feature number 740, F740
2026-06-05 20:57:48.993478 INFO::Fitting model to feature number 741, F741
2026-06-05 20:57:48.994502 INFO::Fitting model to feature number 742, F742
2026-06-05 20:57:48.995528 INFO::Fitting model to feature number 743, F743
2026-06-05 20:57:48.996554 INFO::Fitting model to feature number 744, F744
2026-06-05 20:57:48.99759 INFO::Fitting model to feature number 745, F745
2026-06-05 20:57:48.998612 INFO::Fitting model to feature number 746, F746
2026-06-05 20:57:48.999642 INFO::Fitting model to feature number 747, F747
2026-06-05 20:57:49.000672 INFO::Fitting model to feature number 748, F748
2026-06-05 20:57:49.001698 INFO::Fitting model to feature number 749, F749
2026-06-05 20:57:49.00272 INFO::Fitting model to feature number 750, F750
2026-06-05 20:57:49.003783 INFO::Fitting model to feature number 751, F751
2026-06-05 20:57:49.004811 INFO::Fitting model to feature number 752, F752
2026-06-05 20:57:49.005833 INFO::Fitting model to feature number 753, F753
2026-06-05 20:57:49.00684 INFO::Fitting model to feature number 754, F754
2026-06-05 20:57:49.008048 INFO::Fitting model to feature number 755, F755
2026-06-05 20:57:49.009163 INFO::Fitting model to feature number 756, F756
2026-06-05 20:57:49.01024 INFO::Fitting model to feature number 757, F757
2026-06-05 20:57:49.011288 INFO::Fitting model to feature number 758, F758
2026-06-05 20:57:49.012329 INFO::Fitting model to feature number 759, F759
2026-06-05 20:57:49.01342 INFO::Fitting model to feature number 760, F760
2026-06-05 20:57:49.014474 INFO::Fitting model to feature number 761, F761
2026-06-05 20:57:49.015515 INFO::Fitting model to feature number 762, F762
2026-06-05 20:57:49.016542 INFO::Fitting model to feature number 763, F763
2026-06-05 20:57:49.017597 INFO::Fitting model to feature number 764, F764
2026-06-05 20:57:49.01866 INFO::Fitting model to feature number 765, F765
2026-06-05 20:57:49.019697 INFO::Fitting model to feature number 766, F766
2026-06-05 20:57:49.020724 INFO::Fitting model to feature number 767, F767
2026-06-05 20:57:49.021767 INFO::Fitting model to feature number 768, F768
2026-06-05 20:57:49.022811 INFO::Fitting model to feature number 769, F769
2026-06-05 20:57:49.023843 INFO::Fitting model to feature number 770, F770
2026-06-05 20:57:49.024941 INFO::Fitting model to feature number 771, F771
2026-06-05 20:57:49.026 INFO::Fitting model to feature number 772, F772
2026-06-05 20:57:49.027027 INFO::Fitting model to feature number 773, F773
2026-06-05 20:57:49.028052 INFO::Fitting model to feature number 774, F774
2026-06-05 20:57:49.029072 INFO::Fitting model to feature number 775, F775
2026-06-05 20:57:49.030091 INFO::Fitting model to feature number 776, F776
2026-06-05 20:57:49.031111 INFO::Fitting model to feature number 777, F777
2026-06-05 20:57:49.032135 INFO::Fitting model to feature number 778, F778
2026-06-05 20:57:49.033159 INFO::Fitting model to feature number 779, F779
2026-06-05 20:57:49.034181 INFO::Fitting model to feature number 780, F780
2026-06-05 20:57:49.039616 INFO::Fitting model to feature number 781, F781
2026-06-05 20:57:49.040964 INFO::Fitting model to feature number 782, F782
2026-06-05 20:57:49.042172 INFO::Fitting model to feature number 783, F783
2026-06-05 20:57:49.043268 INFO::Fitting model to feature number 784, F784
2026-06-05 20:57:49.044325 INFO::Fitting model to feature number 785, F785
2026-06-05 20:57:49.045382 INFO::Fitting model to feature number 786, F786
2026-06-05 20:57:49.046426 INFO::Fitting model to feature number 787, F787
2026-06-05 20:57:49.047471 INFO::Fitting model to feature number 788, F788
2026-06-05 20:57:49.048503 INFO::Fitting model to feature number 789, F789
2026-06-05 20:57:49.049524 INFO::Fitting model to feature number 790, F790
2026-06-05 20:57:49.050548 INFO::Fitting model to feature number 791, F791
2026-06-05 20:57:49.051581 INFO::Fitting model to feature number 792, F792
2026-06-05 20:57:49.05261 INFO::Fitting model to feature number 793, F793
2026-06-05 20:57:49.053641 INFO::Fitting model to feature number 794, F794
2026-06-05 20:57:49.054725 INFO::Fitting model to feature number 795, F795
2026-06-05 20:57:49.055751 INFO::Fitting model to feature number 796, F796
2026-06-05 20:57:49.056771 INFO::Fitting model to feature number 797, F797
2026-06-05 20:57:49.057874 INFO::Fitting model to feature number 798, F798
2026-06-05 20:57:49.058958 INFO::Fitting model to feature number 799, F799
2026-06-05 20:57:49.059981 INFO::Fitting model to feature number 800, F800
2026-06-05 20:57:49.061037 INFO::Fitting model to feature number 801, F801
2026-06-05 20:57:49.062058 INFO::Fitting model to feature number 802, F802
2026-06-05 20:57:49.063108 INFO::Fitting model to feature number 803, F803
2026-06-05 20:57:49.064128 INFO::Fitting model to feature number 804, F804
2026-06-05 20:57:49.065148 INFO::Fitting model to feature number 805, F805
2026-06-05 20:57:49.066162 INFO::Fitting model to feature number 806, F806
2026-06-05 20:57:49.067174 INFO::Fitting model to feature number 807, F807
2026-06-05 20:57:49.068227 INFO::Fitting model to feature number 808, F808
2026-06-05 20:57:49.069256 INFO::Fitting model to feature number 809, F809
2026-06-05 20:57:49.070292 INFO::Fitting model to feature number 810, F810
2026-06-05 20:57:49.071333 INFO::Fitting model to feature number 811, F811
2026-06-05 20:57:49.072379 INFO::Fitting model to feature number 812, F812
2026-06-05 20:57:49.073418 INFO::Fitting model to feature number 813, F813
2026-06-05 20:57:49.074503 INFO::Fitting model to feature number 814, F814
2026-06-05 20:57:49.075544 INFO::Fitting model to feature number 815, F815
2026-06-05 20:57:49.076585 INFO::Fitting model to feature number 816, F816
2026-06-05 20:57:49.077611 INFO::Fitting model to feature number 817, F817
2026-06-05 20:57:49.078692 INFO::Fitting model to feature number 818, F818
2026-06-05 20:57:49.079717 INFO::Fitting model to feature number 819, F819
2026-06-05 20:57:49.080749 INFO::Fitting model to feature number 820, F820
2026-06-05 20:57:49.0818 INFO::Fitting model to feature number 821, F821
2026-06-05 20:57:49.082818 INFO::Fitting model to feature number 822, F822
2026-06-05 20:57:49.083876 INFO::Fitting model to feature number 823, F823
2026-06-05 20:57:49.084923 INFO::Fitting model to feature number 824, F824
2026-06-05 20:57:49.085974 INFO::Fitting model to feature number 825, F825
2026-06-05 20:57:49.087002 INFO::Fitting model to feature number 826, F826
2026-06-05 20:57:49.088039 INFO::Fitting model to feature number 827, F827
2026-06-05 20:57:49.089065 INFO::Fitting model to feature number 828, F828
2026-06-05 20:57:49.090102 INFO::Fitting model to feature number 829, F829
2026-06-05 20:57:49.091225 INFO::Fitting model to feature number 830, F830
2026-06-05 20:57:49.09228 INFO::Fitting model to feature number 831, F831
2026-06-05 20:57:49.093307 INFO::Fitting model to feature number 832, F832
2026-06-05 20:57:49.094332 INFO::Fitting model to feature number 833, F833
2026-06-05 20:57:49.095366 INFO::Fitting model to feature number 834, F834
2026-06-05 20:57:49.096443 INFO::Fitting model to feature number 835, F835
2026-06-05 20:57:49.097469 INFO::Fitting model to feature number 836, F836
2026-06-05 20:57:49.098505 INFO::Fitting model to feature number 837, F837
2026-06-05 20:57:49.099525 INFO::Fitting model to feature number 838, F838
2026-06-05 20:57:49.100576 INFO::Fitting model to feature number 839, F839
2026-06-05 20:57:49.101593 INFO::Fitting model to feature number 840, F840
2026-06-05 20:57:49.10267 INFO::Fitting model to feature number 841, F841
2026-06-05 20:57:49.103719 INFO::Fitting model to feature number 842, F842
2026-06-05 20:57:49.104782 INFO::Fitting model to feature number 843, F843
2026-06-05 20:57:49.105829 INFO::Fitting model to feature number 844, F844
2026-06-05 20:57:49.106875 INFO::Fitting model to feature number 845, F845
2026-06-05 20:57:49.107987 INFO::Fitting model to feature number 846, F846
2026-06-05 20:57:49.10916 INFO::Fitting model to feature number 847, F847
2026-06-05 20:57:49.110245 INFO::Fitting model to feature number 848, F848
2026-06-05 20:57:49.111321 INFO::Fitting model to feature number 849, F849
2026-06-05 20:57:49.112406 INFO::Fitting model to feature number 850, F850
2026-06-05 20:57:49.113473 INFO::Fitting model to feature number 851, F851
2026-06-05 20:57:49.114517 INFO::Fitting model to feature number 852, F852
2026-06-05 20:57:49.115546 INFO::Fitting model to feature number 853, F853
2026-06-05 20:57:49.116585 INFO::Fitting model to feature number 854, F854
2026-06-05 20:57:49.122077 INFO::Fitting model to feature number 855, F855
2026-06-05 20:57:49.12335 INFO::Fitting model to feature number 856, F856
2026-06-05 20:57:49.12452 INFO::Fitting model to feature number 857, F857
2026-06-05 20:57:49.125626 INFO::Fitting model to feature number 858, F858
2026-06-05 20:57:49.126685 INFO::Fitting model to feature number 859, F859
2026-06-05 20:57:49.127725 INFO::Fitting model to feature number 860, F860
2026-06-05 20:57:49.128753 INFO::Fitting model to feature number 861, F861
2026-06-05 20:57:49.129781 INFO::Fitting model to feature number 862, F862
2026-06-05 20:57:49.130794 INFO::Fitting model to feature number 863, F863
2026-06-05 20:57:49.131811 INFO::Fitting model to feature number 864, F864
2026-06-05 20:57:49.132834 INFO::Fitting model to feature number 865, F865
2026-06-05 20:57:49.133856 INFO::Fitting model to feature number 866, F866
2026-06-05 20:57:49.134872 INFO::Fitting model to feature number 867, F867
2026-06-05 20:57:49.135896 INFO::Fitting model to feature number 868, F868
2026-06-05 20:57:49.136918 INFO::Fitting model to feature number 869, F869
2026-06-05 20:57:49.13794 INFO::Fitting model to feature number 870, F870
2026-06-05 20:57:49.138971 INFO::Fitting model to feature number 871, F871
2026-06-05 20:57:49.139971 INFO::Fitting model to feature number 872, F872
2026-06-05 20:57:49.141089 INFO::Fitting model to feature number 873, F873
2026-06-05 20:57:49.14219 INFO::Fitting model to feature number 874, F874
2026-06-05 20:57:49.143254 INFO::Fitting model to feature number 875, F875
2026-06-05 20:57:49.14428 INFO::Fitting model to feature number 876, F876
2026-06-05 20:57:49.145307 INFO::Fitting model to feature number 877, F877
2026-06-05 20:57:49.146329 INFO::Fitting model to feature number 878, F878
2026-06-05 20:57:49.147357 INFO::Fitting model to feature number 879, F879
2026-06-05 20:57:49.14841 INFO::Fitting model to feature number 880, F880
2026-06-05 20:57:49.149429 INFO::Fitting model to feature number 881, F881
2026-06-05 20:57:49.150504 INFO::Fitting model to feature number 882, F882
2026-06-05 20:57:49.151567 INFO::Fitting model to feature number 883, F883
2026-06-05 20:57:49.152618 INFO::Fitting model to feature number 884, F884
2026-06-05 20:57:49.15365 INFO::Fitting model to feature number 885, F885
2026-06-05 20:57:49.154718 INFO::Fitting model to feature number 886, F886
2026-06-05 20:57:49.155753 INFO::Fitting model to feature number 887, F887
2026-06-05 20:57:49.156822 INFO::Fitting model to feature number 888, F888
2026-06-05 20:57:49.157972 INFO::Fitting model to feature number 889, F889
2026-06-05 20:57:49.159025 INFO::Fitting model to feature number 890, F890
2026-06-05 20:57:49.160051 INFO::Fitting model to feature number 891, F891
2026-06-05 20:57:49.161094 INFO::Fitting model to feature number 892, F892
2026-06-05 20:57:49.16213 INFO::Fitting model to feature number 893, F893
2026-06-05 20:57:49.163159 INFO::Fitting model to feature number 894, F894
2026-06-05 20:57:49.164182 INFO::Fitting model to feature number 895, F895
2026-06-05 20:57:49.16522 INFO::Fitting model to feature number 896, F896
2026-06-05 20:57:49.166227 INFO::Fitting model to feature number 897, F897
2026-06-05 20:57:49.167243 INFO::Fitting model to feature number 898, F898
2026-06-05 20:57:49.168312 INFO::Fitting model to feature number 899, F899
2026-06-05 20:57:49.169337 INFO::Fitting model to feature number 900, F900
2026-06-05 20:57:49.170361 INFO::Fitting model to feature number 901, F901
2026-06-05 20:57:49.171371 INFO::Fitting model to feature number 902, F902
2026-06-05 20:57:49.172385 INFO::Fitting model to feature number 903, F903
2026-06-05 20:57:49.173476 INFO::Fitting model to feature number 904, F904
2026-06-05 20:57:49.174591 INFO::Fitting model to feature number 905, F905
2026-06-05 20:57:49.175768 INFO::Fitting model to feature number 906, F906
2026-06-05 20:57:49.17682 INFO::Fitting model to feature number 907, F907
2026-06-05 20:57:49.17786 INFO::Fitting model to feature number 908, F908
2026-06-05 20:57:49.17891 INFO::Fitting model to feature number 909, F909
2026-06-05 20:57:49.179935 INFO::Fitting model to feature number 910, F910
2026-06-05 20:57:49.181 INFO::Fitting model to feature number 911, F911
2026-06-05 20:57:49.18203 INFO::Fitting model to feature number 912, F912
2026-06-05 20:57:49.183049 INFO::Fitting model to feature number 913, F913
2026-06-05 20:57:49.184097 INFO::Fitting model to feature number 914, F914
2026-06-05 20:57:49.185139 INFO::Fitting model to feature number 915, F915
2026-06-05 20:57:49.186191 INFO::Fitting model to feature number 916, F916
2026-06-05 20:57:49.187231 INFO::Fitting model to feature number 917, F917
2026-06-05 20:57:49.188259 INFO::Fitting model to feature number 918, F918
2026-06-05 20:57:49.189288 INFO::Fitting model to feature number 919, F919
2026-06-05 20:57:49.190312 INFO::Fitting model to feature number 920, F920
2026-06-05 20:57:49.191454 INFO::Fitting model to feature number 921, F921
2026-06-05 20:57:49.192523 INFO::Fitting model to feature number 922, F922
2026-06-05 20:57:49.193552 INFO::Fitting model to feature number 923, F923
2026-06-05 20:57:49.194581 INFO::Fitting model to feature number 924, F924
2026-06-05 20:57:49.195599 INFO::Fitting model to feature number 925, F925
2026-06-05 20:57:49.19662 INFO::Fitting model to feature number 926, F926
2026-06-05 20:57:49.197654 INFO::Fitting model to feature number 927, F927
2026-06-05 20:57:49.198701 INFO::Fitting model to feature number 928, F928
2026-06-05 20:57:49.204294 INFO::Fitting model to feature number 929, F929
2026-06-05 20:57:49.205501 INFO::Fitting model to feature number 930, F930
2026-06-05 20:57:49.206578 INFO::Fitting model to feature number 931, F931
2026-06-05 20:57:49.207716 INFO::Fitting model to feature number 932, F932
2026-06-05 20:57:49.208816 INFO::Fitting model to feature number 933, F933
2026-06-05 20:57:49.209874 INFO::Fitting model to feature number 934, F934
2026-06-05 20:57:49.210928 INFO::Fitting model to feature number 935, F935
2026-06-05 20:57:49.211968 INFO::Fitting model to feature number 936, F936
2026-06-05 20:57:49.212997 INFO::Fitting model to feature number 937, F937
2026-06-05 20:57:49.21403 INFO::Fitting model to feature number 938, F938
2026-06-05 20:57:49.215063 INFO::Fitting model to feature number 939, F939
2026-06-05 20:57:49.216085 INFO::Fitting model to feature number 940, F940
2026-06-05 20:57:49.217118 INFO::Fitting model to feature number 941, F941
2026-06-05 20:57:49.218154 INFO::Fitting model to feature number 942, F942
2026-06-05 20:57:49.21918 INFO::Fitting model to feature number 943, F943
2026-06-05 20:57:49.22026 INFO::Fitting model to feature number 944, F944
2026-06-05 20:57:49.221285 INFO::Fitting model to feature number 945, F945
2026-06-05 20:57:49.222314 INFO::Fitting model to feature number 946, F946
2026-06-05 20:57:49.22333 INFO::Fitting model to feature number 947, F947
2026-06-05 20:57:49.224458 INFO::Fitting model to feature number 948, F948
2026-06-05 20:57:49.22566 INFO::Fitting model to feature number 949, F949
2026-06-05 20:57:49.226728 INFO::Fitting model to feature number 950, F950
2026-06-05 20:57:49.227805 INFO::Fitting model to feature number 951, F951
2026-06-05 20:57:49.228838 INFO::Fitting model to feature number 952, F952
2026-06-05 20:57:49.229862 INFO::Fitting model to feature number 953, F953
2026-06-05 20:57:49.230899 INFO::Fitting model to feature number 954, F954
2026-06-05 20:57:49.231936 INFO::Fitting model to feature number 955, F955
2026-06-05 20:57:49.232951 INFO::Fitting model to feature number 956, F956
2026-06-05 20:57:49.234064 INFO::Fitting model to feature number 957, F957
2026-06-05 20:57:49.235091 INFO::Fitting model to feature number 958, F958
2026-06-05 20:57:49.236125 INFO::Fitting model to feature number 959, F959
2026-06-05 20:57:49.237147 INFO::Fitting model to feature number 960, F960
2026-06-05 20:57:49.238212 INFO::Fitting model to feature number 961, F961
2026-06-05 20:57:49.239226 INFO::Fitting model to feature number 962, F962
2026-06-05 20:57:49.240243 INFO::Fitting model to feature number 963, F963
2026-06-05 20:57:49.241326 INFO::Fitting model to feature number 964, F964
2026-06-05 20:57:49.242389 INFO::Fitting model to feature number 965, F965
2026-06-05 20:57:49.243421 INFO::Fitting model to feature number 966, F966
2026-06-05 20:57:49.244472 INFO::Fitting model to feature number 967, F967
2026-06-05 20:57:49.245531 INFO::Fitting model to feature number 968, F968
2026-06-05 20:57:49.246559 INFO::Fitting model to feature number 969, F969
2026-06-05 20:57:49.247579 INFO::Fitting model to feature number 970, F970
2026-06-05 20:57:49.248593 INFO::Fitting model to feature number 971, F971
2026-06-05 20:57:49.249608 INFO::Fitting model to feature number 972, F972
2026-06-05 20:57:49.25065 INFO::Fitting model to feature number 973, F973
2026-06-05 20:57:49.251692 INFO::Fitting model to feature number 974, F974
2026-06-05 20:57:49.25271 INFO::Fitting model to feature number 975, F975
2026-06-05 20:57:49.253718 INFO::Fitting model to feature number 976, F976
2026-06-05 20:57:49.254727 INFO::Fitting model to feature number 977, F977
2026-06-05 20:57:49.255742 INFO::Fitting model to feature number 978, F978
2026-06-05 20:57:49.256751 INFO::Fitting model to feature number 979, F979
2026-06-05 20:57:49.257897 INFO::Fitting model to feature number 980, F980
2026-06-05 20:57:49.259082 INFO::Fitting model to feature number 981, F981
2026-06-05 20:57:49.260122 INFO::Fitting model to feature number 982, F982
2026-06-05 20:57:49.261172 INFO::Fitting model to feature number 983, F983
2026-06-05 20:57:49.262199 INFO::Fitting model to feature number 984, F984
2026-06-05 20:57:49.263229 INFO::Fitting model to feature number 985, F985
2026-06-05 20:57:49.264282 INFO::Fitting model to feature number 986, F986
2026-06-05 20:57:49.265305 INFO::Fitting model to feature number 987, F987
2026-06-05 20:57:49.266321 INFO::Fitting model to feature number 988, F988
2026-06-05 20:57:49.267338 INFO::Fitting model to feature number 989, F989
2026-06-05 20:57:49.268375 INFO::Fitting model to feature number 990, F990
2026-06-05 20:57:49.269449 INFO::Fitting model to feature number 991, F991
2026-06-05 20:57:49.270476 INFO::Fitting model to feature number 992, F992
2026-06-05 20:57:49.271498 INFO::Fitting model to feature number 993, F993
2026-06-05 20:57:49.272534 INFO::Fitting model to feature number 994, F994
2026-06-05 20:57:49.273554 INFO::Fitting model to feature number 995, F995
2026-06-05 20:57:49.27477 INFO::Fitting model to feature number 996, F996
2026-06-05 20:57:49.276034 INFO::Fitting model to feature number 997, F997
2026-06-05 20:57:49.277122 INFO::Fitting model to feature number 998, F998
2026-06-05 20:57:49.278217 INFO::Fitting model to feature number 999, F999
2026-06-05 20:57:49.279308 INFO::Fitting model to feature number 1000, F1000
2026-06-05 20:57:49.280366 INFO::Fitting model to feature number 1001, F1001
2026-06-05 20:57:49.281412 INFO::Fitting model to feature number 1002, F1002
2026-06-05 20:57:49.287118 INFO::Fitting model to feature number 1003, F1003
2026-06-05 20:57:49.288301 INFO::Fitting model to feature number 1004, F1004
2026-06-05 20:57:49.289378 INFO::Fitting model to feature number 1005, F1005
2026-06-05 20:57:49.290426 INFO::Fitting model to feature number 1006, F1006
2026-06-05 20:57:49.291704 INFO::Fitting model to feature number 1007, F1007
2026-06-05 20:57:49.292882 INFO::Fitting model to feature number 1008, F1008
2026-06-05 20:57:49.293961 INFO::Fitting model to feature number 1009, F1009
2026-06-05 20:57:49.295018 INFO::Fitting model to feature number 1010, F1010
2026-06-05 20:57:49.296071 INFO::Fitting model to feature number 1011, F1011
2026-06-05 20:57:49.297124 INFO::Fitting model to feature number 1012, F1012
2026-06-05 20:57:49.298221 INFO::Fitting model to feature number 1013, F1013
2026-06-05 20:57:49.299246 INFO::Fitting model to feature number 1014, F1014
2026-06-05 20:57:49.300269 INFO::Fitting model to feature number 1015, F1015
2026-06-05 20:57:49.301296 INFO::Fitting model to feature number 1016, F1016
2026-06-05 20:57:49.302314 INFO::Fitting model to feature number 1017, F1017
2026-06-05 20:57:49.303334 INFO::Fitting model to feature number 1018, F1018
2026-06-05 20:57:49.304433 INFO::Fitting model to feature number 1019, F1019
2026-06-05 20:57:49.305488 INFO::Fitting model to feature number 1020, F1020
2026-06-05 20:57:49.306515 INFO::Fitting model to feature number 1021, F1021
2026-06-05 20:57:49.307608 INFO::Fitting model to feature number 1022, F1022
2026-06-05 20:57:49.308896 INFO::Fitting model to feature number 1023, F1023
2026-06-05 20:57:49.309987 INFO::Fitting model to feature number 1024, F1024
2026-06-05 20:57:49.311032 INFO::Fitting model to feature number 1025, F1025
2026-06-05 20:57:49.312082 INFO::Fitting model to feature number 1026, F1026
2026-06-05 20:57:49.313113 INFO::Fitting model to feature number 1027, F1027
2026-06-05 20:57:49.31414 INFO::Fitting model to feature number 1028, F1028
2026-06-05 20:57:49.31518 INFO::Fitting model to feature number 1029, F1029
2026-06-05 20:57:49.316232 INFO::Fitting model to feature number 1030, F1030
2026-06-05 20:57:49.317256 INFO::Fitting model to feature number 1031, F1031
2026-06-05 20:57:49.318279 INFO::Fitting model to feature number 1032, F1032
2026-06-05 20:57:49.319302 INFO::Fitting model to feature number 1033, F1033
2026-06-05 20:57:49.32032 INFO::Fitting model to feature number 1034, F1034
2026-06-05 20:57:49.321369 INFO::Fitting model to feature number 1035, F1035
2026-06-05 20:57:49.322404 INFO::Fitting model to feature number 1036, F1036
2026-06-05 20:57:49.323437 INFO::Fitting model to feature number 1037, F1037
2026-06-05 20:57:49.324611 INFO::Fitting model to feature number 1038, F1038
2026-06-05 20:57:49.325782 INFO::Fitting model to feature number 1039, F1039
2026-06-05 20:57:49.326889 INFO::Fitting model to feature number 1040, F1040
2026-06-05 20:57:49.327947 INFO::Fitting model to feature number 1041, F1041
2026-06-05 20:57:49.329007 INFO::Fitting model to feature number 1042, F1042
2026-06-05 20:57:49.330049 INFO::Fitting model to feature number 1043, F1043
2026-06-05 20:57:49.331088 INFO::Fitting model to feature number 1044, F1044
2026-06-05 20:57:49.332121 INFO::Fitting model to feature number 1045, F1045
2026-06-05 20:57:49.333196 INFO::Fitting model to feature number 1046, F1046
2026-06-05 20:57:49.334267 INFO::Fitting model to feature number 1047, F1047
2026-06-05 20:57:49.335308 INFO::Fitting model to feature number 1048, F1048
2026-06-05 20:57:49.336341 INFO::Fitting model to feature number 1049, F1049
2026-06-05 20:57:49.33737 INFO::Fitting model to feature number 1050, F1050
2026-06-05 20:57:49.338394 INFO::Fitting model to feature number 1051, F1051
2026-06-05 20:57:49.339492 INFO::Fitting model to feature number 1052, F1052
2026-06-05 20:57:49.340519 INFO::Fitting model to feature number 1053, F1053
2026-06-05 20:57:49.34181 INFO::Fitting model to feature number 1054, F1054
2026-06-05 20:57:49.342913 INFO::Fitting model to feature number 1055, F1055
2026-06-05 20:57:49.34399 INFO::Fitting model to feature number 1056, F1056
2026-06-05 20:57:49.345057 INFO::Fitting model to feature number 1057, F1057
2026-06-05 20:57:49.346134 INFO::Fitting model to feature number 1058, F1058
2026-06-05 20:57:49.347189 INFO::Fitting model to feature number 1059, F1059
2026-06-05 20:57:49.34823 INFO::Fitting model to feature number 1060, F1060
2026-06-05 20:57:49.34926 INFO::Fitting model to feature number 1061, F1061
2026-06-05 20:57:49.350288 INFO::Fitting model to feature number 1062, F1062
2026-06-05 20:57:49.351341 INFO::Fitting model to feature number 1063, F1063
2026-06-05 20:57:49.352407 INFO::Fitting model to feature number 1064, F1064
2026-06-05 20:57:49.35348 INFO::Fitting model to feature number 1065, F1065
2026-06-05 20:57:49.354515 INFO::Fitting model to feature number 1066, F1066
2026-06-05 20:57:49.355561 INFO::Fitting model to feature number 1067, F1067
2026-06-05 20:57:49.356583 INFO::Fitting model to feature number 1068, F1068
2026-06-05 20:57:49.357665 INFO::Fitting model to feature number 1069, F1069
2026-06-05 20:57:49.358923 INFO::Fitting model to feature number 1070, F1070
2026-06-05 20:57:49.360054 INFO::Fitting model to feature number 1071, F1071
2026-06-05 20:57:49.361124 INFO::Fitting model to feature number 1072, F1072
2026-06-05 20:57:49.362208 INFO::Fitting model to feature number 1073, F1073
2026-06-05 20:57:49.363256 INFO::Fitting model to feature number 1074, F1074
2026-06-05 20:57:49.364305 INFO::Fitting model to feature number 1075, F1075
2026-06-05 20:57:49.365379 INFO::Fitting model to feature number 1076, F1076
2026-06-05 20:57:49.371208 INFO::Fitting model to feature number 1077, F1077
2026-06-05 20:57:49.372335 INFO::Fitting model to feature number 1078, F1078
2026-06-05 20:57:49.3734 INFO::Fitting model to feature number 1079, F1079
2026-06-05 20:57:49.374521 INFO::Fitting model to feature number 1080, F1080
2026-06-05 20:57:49.375751 INFO::Fitting model to feature number 1081, F1081
2026-06-05 20:57:49.376832 INFO::Fitting model to feature number 1082, F1082
2026-06-05 20:57:49.377881 INFO::Fitting model to feature number 1083, F1083
2026-06-05 20:57:49.378914 INFO::Fitting model to feature number 1084, F1084
2026-06-05 20:57:49.37994 INFO::Fitting model to feature number 1085, F1085
2026-06-05 20:57:49.380964 INFO::Fitting model to feature number 1086, F1086
2026-06-05 20:57:49.382015 INFO::Fitting model to feature number 1087, F1087
2026-06-05 20:57:49.383046 INFO::Fitting model to feature number 1088, F1088
2026-06-05 20:57:49.384067 INFO::Fitting model to feature number 1089, F1089
2026-06-05 20:57:49.385085 INFO::Fitting model to feature number 1090, F1090
2026-06-05 20:57:49.3861 INFO::Fitting model to feature number 1091, F1091
2026-06-05 20:57:49.387127 INFO::Fitting model to feature number 1092, F1092
2026-06-05 20:57:49.38815 INFO::Fitting model to feature number 1093, F1093
2026-06-05 20:57:49.389166 INFO::Fitting model to feature number 1094, F1094
2026-06-05 20:57:49.390175 INFO::Fitting model to feature number 1095, F1095
2026-06-05 20:57:49.391412 INFO::Fitting model to feature number 1096, F1096
2026-06-05 20:57:49.392531 INFO::Fitting model to feature number 1097, F1097
2026-06-05 20:57:49.393584 INFO::Fitting model to feature number 1098, F1098
2026-06-05 20:57:49.394621 INFO::Fitting model to feature number 1099, F1099
2026-06-05 20:57:49.395672 INFO::Fitting model to feature number 1100, F1100
2026-06-05 20:57:49.396703 INFO::Fitting model to feature number 1101, F1101
2026-06-05 20:57:49.397748 INFO::Fitting model to feature number 1102, F1102
2026-06-05 20:57:49.398786 INFO::Fitting model to feature number 1103, F1103
2026-06-05 20:57:49.3998 INFO::Fitting model to feature number 1104, F1104
2026-06-05 20:57:49.40086 INFO::Fitting model to feature number 1105, F1105
2026-06-05 20:57:49.401893 INFO::Fitting model to feature number 1106, F1106
2026-06-05 20:57:49.402945 INFO::Fitting model to feature number 1107, F1107
2026-06-05 20:57:49.403978 INFO::Fitting model to feature number 1108, F1108
2026-06-05 20:57:49.405011 INFO::Fitting model to feature number 1109, F1109
2026-06-05 20:57:49.406035 INFO::Fitting model to feature number 1110, F1110
2026-06-05 20:57:49.407092 INFO::Fitting model to feature number 1111, F1111
2026-06-05 20:57:49.408326 INFO::Fitting model to feature number 1112, F1112
2026-06-05 20:57:49.409473 INFO::Fitting model to feature number 1113, F1113
2026-06-05 20:57:49.410548 INFO::Fitting model to feature number 1114, F1114
2026-06-05 20:57:49.411603 INFO::Fitting model to feature number 1115, F1115
2026-06-05 20:57:49.412683 INFO::Fitting model to feature number 1116, F1116
2026-06-05 20:57:49.413721 INFO::Fitting model to feature number 1117, F1117
2026-06-05 20:57:49.414753 INFO::Fitting model to feature number 1118, F1118
2026-06-05 20:57:49.415779 INFO::Fitting model to feature number 1119, F1119
2026-06-05 20:57:49.416832 INFO::Fitting model to feature number 1120, F1120
2026-06-05 20:57:49.417906 INFO::Fitting model to feature number 1121, F1121
2026-06-05 20:57:49.418945 INFO::Fitting model to feature number 1122, F1122
2026-06-05 20:57:49.419961 INFO::Fitting model to feature number 1123, F1123
2026-06-05 20:57:49.420981 INFO::Fitting model to feature number 1124, F1124
2026-06-05 20:57:49.422 INFO::Fitting model to feature number 1125, F1125
2026-06-05 20:57:49.423038 INFO::Fitting model to feature number 1126, F1126
2026-06-05 20:57:49.424122 INFO::Fitting model to feature number 1127, F1127
2026-06-05 20:57:49.425335 INFO::Fitting model to feature number 1128, F1128
2026-06-05 20:57:49.42643 INFO::Fitting model to feature number 1129, F1129
2026-06-05 20:57:49.427509 INFO::Fitting model to feature number 1130, F1130
2026-06-05 20:57:49.428555 INFO::Fitting model to feature number 1131, F1131
2026-06-05 20:57:49.429623 INFO::Fitting model to feature number 1132, F1132
2026-06-05 20:57:49.430661 INFO::Fitting model to feature number 1133, F1133
2026-06-05 20:57:49.4317 INFO::Fitting model to feature number 1134, F1134
2026-06-05 20:57:49.43272 INFO::Fitting model to feature number 1135, F1135
2026-06-05 20:57:49.433749 INFO::Fitting model to feature number 1136, F1136
2026-06-05 20:57:49.434841 INFO::Fitting model to feature number 1137, F1137
2026-06-05 20:57:49.435923 INFO::Fitting model to feature number 1138, F1138
2026-06-05 20:57:49.436956 INFO::Fitting model to feature number 1139, F1139
2026-06-05 20:57:49.437993 INFO::Fitting model to feature number 1140, F1140
2026-06-05 20:57:49.43903 INFO::Fitting model to feature number 1141, F1141
2026-06-05 20:57:49.440098 INFO::Fitting model to feature number 1142, F1142
2026-06-05 20:57:49.441157 INFO::Fitting model to feature number 1143, F1143
2026-06-05 20:57:49.442396 INFO::Fitting model to feature number 1144, F1144
2026-06-05 20:57:49.443474 INFO::Fitting model to feature number 1145, F1145
2026-06-05 20:57:49.444527 INFO::Fitting model to feature number 1146, F1146
2026-06-05 20:57:49.445573 INFO::Fitting model to feature number 1147, F1147
2026-06-05 20:57:49.446608 INFO::Fitting model to feature number 1148, F1148
2026-06-05 20:57:49.447661 INFO::Fitting model to feature number 1149, F1149
2026-06-05 20:57:49.453391 INFO::Fitting model to feature number 1150, F1150
2026-06-05 20:57:49.454587 INFO::Fitting model to feature number 1151, F1151
2026-06-05 20:57:49.45566 INFO::Fitting model to feature number 1152, F1152
2026-06-05 20:57:49.456712 INFO::Fitting model to feature number 1153, F1153
2026-06-05 20:57:49.457913 INFO::Fitting model to feature number 1154, F1154
2026-06-05 20:57:49.459006 INFO::Fitting model to feature number 1155, F1155
2026-06-05 20:57:49.46004 INFO::Fitting model to feature number 1156, F1156
2026-06-05 20:57:49.461061 INFO::Fitting model to feature number 1157, F1157
2026-06-05 20:57:49.462078 INFO::Fitting model to feature number 1158, F1158
2026-06-05 20:57:49.463097 INFO::Fitting model to feature number 1159, F1159
2026-06-05 20:57:49.464123 INFO::Fitting model to feature number 1160, F1160
2026-06-05 20:57:49.465161 INFO::Fitting model to feature number 1161, F1161
2026-06-05 20:57:49.466175 INFO::Fitting model to feature number 1162, F1162
2026-06-05 20:57:49.467229 INFO::Fitting model to feature number 1163, F1163
2026-06-05 20:57:49.468271 INFO::Fitting model to feature number 1164, F1164
2026-06-05 20:57:49.469305 INFO::Fitting model to feature number 1165, F1165
2026-06-05 20:57:49.470325 INFO::Fitting model to feature number 1166, F1166
2026-06-05 20:57:49.471339 INFO::Fitting model to feature number 1167, F1167
2026-06-05 20:57:49.472358 INFO::Fitting model to feature number 1168, F1168
2026-06-05 20:57:49.473401 INFO::Fitting model to feature number 1169, F1169
2026-06-05 20:57:49.47455 INFO::Fitting model to feature number 1170, F1170
2026-06-05 20:57:49.475866 INFO::Fitting model to feature number 1171, F1171
2026-06-05 20:57:49.477023 INFO::Fitting model to feature number 1172, F1172
2026-06-05 20:57:49.47812 INFO::Fitting model to feature number 1173, F1173
2026-06-05 20:57:49.479206 INFO::Fitting model to feature number 1174, F1174
2026-06-05 20:57:49.48024 INFO::Fitting model to feature number 1175, F1175
2026-06-05 20:57:49.481279 INFO::Fitting model to feature number 1176, F1176
2026-06-05 20:57:49.482309 INFO::Fitting model to feature number 1177, F1177
2026-06-05 20:57:49.483334 INFO::Fitting model to feature number 1178, F1178
2026-06-05 20:57:49.484399 INFO::Fitting model to feature number 1179, F1179
2026-06-05 20:57:49.48542 INFO::Fitting model to feature number 1180, F1180
2026-06-05 20:57:49.486441 INFO::Fitting model to feature number 1181, F1181
2026-06-05 20:57:49.487462 INFO::Fitting model to feature number 1182, F1182
2026-06-05 20:57:49.488488 INFO::Fitting model to feature number 1183, F1183
2026-06-05 20:57:49.48954 INFO::Fitting model to feature number 1184, F1184
2026-06-05 20:57:49.490557 INFO::Fitting model to feature number 1185, F1185
2026-06-05 20:57:49.491822 INFO::Fitting model to feature number 1186, F1186
2026-06-05 20:57:49.492969 INFO::Fitting model to feature number 1187, F1187
2026-06-05 20:57:49.494034 INFO::Fitting model to feature number 1188, F1188
2026-06-05 20:57:49.4951 INFO::Fitting model to feature number 1189, F1189
2026-06-05 20:57:49.591991 INFO::Counting total values for each feature
2026-06-05 20:57:49.701211 INFO::Writing filtered data to file GTDB_Results/maaslin2/S/features/filtered_data.tsv
2026-06-05 20:57:49.747192 INFO::Writing filtered, normalized data to file GTDB_Results/maaslin2/S/features/filtered_data_norm.tsv
2026-06-05 20:57:49.794365 INFO::Writing filtered, normalized, transformed data to file GTDB_Results/maaslin2/S/features/filtered_data_norm_transformed.tsv
2026-06-05 20:57:49.865327 WARNING::Deleting existing residuals file: GTDB_Results/maaslin2/S/fits/residuals.rds
2026-06-05 20:57:49.868519 INFO::Writing residuals to file GTDB_Results/maaslin2/S/fits/residuals.rds
2026-06-05 20:57:49.905449 WARNING::Deleting existing fitted file: GTDB_Results/maaslin2/S/fits/fitted.rds
2026-06-05 20:57:49.907475 INFO::Writing fitted values to file GTDB_Results/maaslin2/S/fits/fitted.rds
2026-06-05 20:57:49.938197 INFO::Writing all results to file (ordered by increasing q-values): GTDB_Results/maaslin2/S/all_results.tsv
2026-06-05 20:57:49.963785 INFO::Writing the significant results (those which are less than or equal to the threshold of 0.250000 ) to file (ordered by increasing q-values): GTDB_Results/maaslin2/S/significant_results.tsv
