2026-06-05 21:00:01.413231 INFO::Writing function arguments to log file
2026-06-05 21:00:01.413668 DEBUG::Function arguments
2026-06-05 21:00:01.41382 DEBUG::Output folder: Results/maaslin2/U
2026-06-05 21:00:01.413965 DEBUG::Min Abundance: 0.000000
2026-06-05 21:00:01.414104 DEBUG::Min Prevalence: 0.000000
2026-06-05 21:00:01.414241 DEBUG::Normalization: NONE
2026-06-05 21:00:01.414371 DEBUG::Transform: LOG
2026-06-05 21:00:01.414497 DEBUG::Analysis method: LM
2026-06-05 21:00:01.414626 DEBUG::Max significance: 0.250000
2026-06-05 21:00:01.41475 DEBUG::Random effects:
2026-06-05 21:00:01.414874 DEBUG::Fixed effects: Periodontitis,Diabetes,KidneyDisease,Age,Sex
2026-06-05 21:00:01.414996 DEBUG::Correction method: BH
2026-06-05 21:00:01.415117 DEBUG::Standardize: FALSE
2026-06-05 21:00:01.415235 DEBUG::Cores: 1
2026-06-05 21:00:01.415347 INFO::Verifying options selected are valid
2026-06-05 21:00:01.415611 INFO::Determining format of input files
2026-06-05 21:00:01.415834 INFO::Input format is data samples as rows and metadata samples as rows
2026-06-05 21:00:01.416129 DEBUG::A total of 101 samples were found in both the data and metadata
2026-06-05 21:00:01.416258 DEBUG::Reordering data/metadata to use same sample ordering
2026-06-05 21:00:01.416714 INFO::Formula for fixed effects: expr ~  Periodontitis + Diabetes + KidneyDisease + Age + Sex
2026-06-05 21:00:01.417054 INFO::Filter data based on min abundance and min prevalence
2026-06-05 21:00:01.417269 INFO::Total samples in data: 101
2026-06-05 21:00:01.417471 INFO::Min samples required with min abundance for a feature not to be filtered: 0.000000
2026-06-05 21:00:01.418066 INFO::Total filtered features: 0
2026-06-05 21:00:01.418287 INFO::Filtered feature names from abundance and prevalence filtering:
2026-06-05 21:00:01.419128 INFO::Total filtered features with variance filtering: 0
2026-06-05 21:00:01.419349 INFO::Filtered feature names from variance filtering:
2026-06-05 21:00:01.419548 INFO::Running selected normalization method: NONE
2026-06-05 21:00:01.41975 INFO::Bypass z-score application to metadata
2026-06-05 21:00:01.419943 INFO::Running selected transform method: LOG
2026-06-05 21:00:01.420829 INFO::Running selected analysis method: LM
2026-06-05 21:00:01.421102 INFO::Fitting model to feature number 1, F1
2026-06-05 21:00:01.422489 INFO::Fitting model to feature number 2, F2
2026-06-05 21:00:01.423548 INFO::Fitting model to feature number 3, F3
2026-06-05 21:00:01.424591 INFO::Fitting model to feature number 4, F4
2026-06-05 21:00:01.425621 INFO::Fitting model to feature number 5, F5
2026-06-05 21:00:01.426628 INFO::Fitting model to feature number 6, F6
2026-06-05 21:00:01.427649 INFO::Fitting model to feature number 7, F7
2026-06-05 21:00:01.428678 INFO::Fitting model to feature number 8, F8
2026-06-05 21:00:01.429706 INFO::Fitting model to feature number 9, F9
2026-06-05 21:00:01.43072 INFO::Fitting model to feature number 10, F10
2026-06-05 21:00:01.431728 INFO::Fitting model to feature number 11, F11
2026-06-05 21:00:01.432736 INFO::Fitting model to feature number 12, F12
2026-06-05 21:00:01.433758 INFO::Fitting model to feature number 13, F13
2026-06-05 21:00:01.434767 INFO::Fitting model to feature number 14, F14
2026-06-05 21:00:01.435776 INFO::Fitting model to feature number 15, F15
2026-06-05 21:00:01.436797 INFO::Fitting model to feature number 16, F16
2026-06-05 21:00:01.437856 INFO::Fitting model to feature number 17, F17
2026-06-05 21:00:01.438943 INFO::Fitting model to feature number 18, F18
2026-06-05 21:00:01.439951 INFO::Fitting model to feature number 19, F19
2026-06-05 21:00:01.440952 INFO::Fitting model to feature number 20, F20
2026-06-05 21:00:01.441948 INFO::Fitting model to feature number 21, F21
2026-06-05 21:00:01.442934 INFO::Fitting model to feature number 22, F22
2026-06-05 21:00:01.443935 INFO::Fitting model to feature number 23, F23
2026-06-05 21:00:01.444959 INFO::Fitting model to feature number 24, F24
2026-06-05 21:00:01.445991 INFO::Fitting model to feature number 25, F25
2026-06-05 21:00:01.446985 INFO::Fitting model to feature number 26, F26
2026-06-05 21:00:01.448017 INFO::Fitting model to feature number 27, F27
2026-06-05 21:00:01.449026 INFO::Fitting model to feature number 28, F28
2026-06-05 21:00:01.450055 INFO::Fitting model to feature number 29, F29
2026-06-05 21:00:01.451053 INFO::Fitting model to feature number 30, F30
2026-06-05 21:00:01.452045 INFO::Fitting model to feature number 31, F31
2026-06-05 21:00:01.45304 INFO::Fitting model to feature number 32, F32
2026-06-05 21:00:01.454028 INFO::Fitting model to feature number 33, F33
2026-06-05 21:00:01.455033 INFO::Fitting model to feature number 34, F34
2026-06-05 21:00:01.456035 INFO::Fitting model to feature number 35, F35
2026-06-05 21:00:01.457047 INFO::Fitting model to feature number 36, F36
2026-06-05 21:00:01.458043 INFO::Fitting model to feature number 37, F37
2026-06-05 21:00:01.459037 INFO::Fitting model to feature number 38, F38
2026-06-05 21:00:01.460034 INFO::Fitting model to feature number 39, F39
2026-06-05 21:00:01.461034 INFO::Fitting model to feature number 40, F40
2026-06-05 21:00:01.462056 INFO::Fitting model to feature number 41, F41
2026-06-05 21:00:01.463071 INFO::Fitting model to feature number 42, F42
2026-06-05 21:00:01.464082 INFO::Fitting model to feature number 43, F43
2026-06-05 21:00:01.465135 INFO::Fitting model to feature number 44, F44
2026-06-05 21:00:01.466147 INFO::Fitting model to feature number 45, F45
2026-06-05 21:00:01.467174 INFO::Fitting model to feature number 46, F46
2026-06-05 21:00:01.468205 INFO::Fitting model to feature number 47, F47
2026-06-05 21:00:01.469213 INFO::Fitting model to feature number 48, F48
2026-06-05 21:00:01.470204 INFO::Fitting model to feature number 49, F49
2026-06-05 21:00:01.471215 INFO::Fitting model to feature number 50, F50
2026-06-05 21:00:01.472227 INFO::Fitting model to feature number 51, F51
2026-06-05 21:00:01.473275 INFO::Fitting model to feature number 52, F52
2026-06-05 21:00:01.474311 INFO::Fitting model to feature number 53, F53
2026-06-05 21:00:01.475349 INFO::Fitting model to feature number 54, F54
2026-06-05 21:00:01.476384 INFO::Fitting model to feature number 55, F55
2026-06-05 21:00:01.477396 INFO::Fitting model to feature number 56, F56
2026-06-05 21:00:01.47841 INFO::Fitting model to feature number 57, F57
2026-06-05 21:00:01.479434 INFO::Fitting model to feature number 58, F58
2026-06-05 21:00:01.480456 INFO::Fitting model to feature number 59, F59
2026-06-05 21:00:01.481476 INFO::Fitting model to feature number 60, F60
2026-06-05 21:00:01.482485 INFO::Fitting model to feature number 61, F61
2026-06-05 21:00:01.483508 INFO::Fitting model to feature number 62, F62
2026-06-05 21:00:01.484522 INFO::Fitting model to feature number 63, F63
2026-06-05 21:00:01.485515 INFO::Fitting model to feature number 64, F64
2026-06-05 21:00:01.48651 INFO::Fitting model to feature number 65, F65
2026-06-05 21:00:01.487521 INFO::Fitting model to feature number 66, F66
2026-06-05 21:00:01.488518 INFO::Fitting model to feature number 67, F67
2026-06-05 21:00:01.489519 INFO::Fitting model to feature number 68, F68
2026-06-05 21:00:01.490517 INFO::Fitting model to feature number 69, F69
2026-06-05 21:00:01.491544 INFO::Fitting model to feature number 70, F70
2026-06-05 21:00:01.492544 INFO::Fitting model to feature number 71, F71
2026-06-05 21:00:01.493546 INFO::Fitting model to feature number 72, F72
2026-06-05 21:00:01.494545 INFO::Fitting model to feature number 73, F73
2026-06-05 21:00:01.495565 INFO::Fitting model to feature number 74, F74
2026-06-05 21:00:01.496582 INFO::Fitting model to feature number 75, F75
2026-06-05 21:00:01.497589 INFO::Fitting model to feature number 76, F76
2026-06-05 21:00:01.504937 INFO::Counting total values for each feature
2026-06-05 21:00:01.509957 INFO::Writing filtered data to file Results/maaslin2/U/features/filtered_data.tsv
2026-06-05 21:00:01.513364 INFO::Writing filtered, normalized data to file Results/maaslin2/U/features/filtered_data_norm.tsv
2026-06-05 21:00:01.516573 INFO::Writing filtered, normalized, transformed data to file Results/maaslin2/U/features/filtered_data_norm_transformed.tsv
2026-06-05 21:00:01.521189 WARNING::Deleting existing residuals file: Results/maaslin2/U/fits/residuals.rds
2026-06-05 21:00:01.522029 INFO::Writing residuals to file Results/maaslin2/U/fits/residuals.rds
2026-06-05 21:00:01.524154 WARNING::Deleting existing fitted file: Results/maaslin2/U/fits/fitted.rds
2026-06-05 21:00:01.524783 INFO::Writing fitted values to file Results/maaslin2/U/fits/fitted.rds
2026-06-05 21:00:01.526471 INFO::Writing all results to file (ordered by increasing q-values): Results/maaslin2/U/all_results.tsv
2026-06-05 21:00:01.528315 INFO::Writing the significant results (those which are less than or equal to the threshold of 0.250000 ) to file (ordered by increasing q-values): Results/maaslin2/U/significant_results.tsv
